[2019-12-04 04:56:34.966] Starting up round ID .
 - -------------------------
[2019-12-04 04:56:38.079] HREF: BigFatAnimeTiddies (usr:BigFatAnimeTiddies[(11,174,1)]) : _src_=chat&proc=analyzeClientData&param[cookie]={"connData":[{"ckey":"bigfatanimetiddies","ip":"68.38.94.206","compid":"3498261404"},{"ckey":"bigfatanimetiddies","ip":null,"compid":"3498261404"},{"ckey":"bigfatanimetiddies","ip":"127.0.0.1","compid":"3498261404"},{"ckey":"guest3498261404","ip":null,"compid":"3498261404"}]}
[2019-12-04 04:56:41.202] HREF: BigFatAnimeTiddies (usr:BigFatAnimeTiddies[(11,174,1)]) : BigFatAnimeTiddies src=[mob_9];ready=1
[2019-12-04 04:57:37.303] HREF: BigFatAnimeTiddies (usr:Alessandra Joghs[(158,110,2)]) : bigfatanimetiddies's admin datum (!localhost!) src=[0x210012a7];admin_token=2101191870830460770617956292401075;create_object=1
[2019-12-04 04:57:41.476] HREF: BigFatAnimeTiddies (usr:Alessandra Joghs[(158,110,2)]) : bigfatanimetiddies's admin datum (!localhost!) src=%5B0x210012a7%5D%3Badmin_token%3D2101191870830460770617956292401075&admin_token=2101191870830460770617956292401075&filter=part&offset=x%2Cy%2Cz&offset_type=relative&object_count=1&object_dir=&object_name=&object_where=onfloor
[2019-12-04 04:57:45.362] HREF: BigFatAnimeTiddies (usr:Alessandra Joghs[(158,110,2)]) : bigfatanimetiddies's admin datum (!localhost!) src=%5B0x210012a7%5D%3Badmin_token%3D2101191870830460770617956292401075&admin_token=2101191870830460770617956292401075&filter=part&offset=x%2Cy%2Cz&offset_type=relative&object_count=1&object_dir=&object_name=&object_where=onfloor&object_list=%2Fobj%2Fitem%2Fstorage%2Fbox%2Fstockparts%2Fdeluxe
[2019-12-04 04:57:47.027] HREF: BigFatAnimeTiddies (usr:Alessandra Joghs[(158,110,2)]) : bigfatanimetiddies's admin datum (!localhost!) src=%5B0x210012a7%5D%3Badmin_token%3D2101191870830460770617956292401075&admin_token=2101191870830460770617956292401075&filter=part&offset=x%2Cy%2Cz&offset_type=relative&object_count=1&object_dir=&object_name=&object_where=onfloor&object_list=%2Fobj%2Fitem%2Fstorage%2Fpart_replacer%2Fbluespace
[2019-12-04 04:58:09.110] HREF: BigFatAnimeTiddies (usr:Alessandra Joghs[(153,114,2)]) : The cloning console src=[0x200798f];task=autoprocess
[2019-12-04 04:58:15.205] HREF: BigFatAnimeTiddies (usr:Alessandra Joghs[(153,114,2)]) : The cloning console src=[0x200798f];menu=2
[2019-12-04 04:58:15.995] HREF: BigFatAnimeTiddies (usr:Alessandra Joghs[(153,114,2)]) : The cloning console src=[0x200798f];view_rec=bbfb
[2019-12-04 04:58:16.675] HREF: BigFatAnimeTiddies (usr:Alessandra Joghs[(153,114,2)]) : The cloning console src=[0x200798f];clone=bbfb;empty=TRUE
[2019-12-04 04:59:48.802] HREF: BigFatAnimeTiddies (usr:Alessandra Joghs[(153,113,2)]) : The cloning console src=[0x200798f];menu=2
[2019-12-04 04:59:50.993] HREF: BigFatAnimeTiddies (usr:Alessandra Joghs[(154,114,2)]) : The cloning console src=[0x200798f];view_rec=bbfb
[2019-12-04 04:59:53.937] HREF: BigFatAnimeTiddies (usr:Alessandra Joghs[(154,114,2)]) : The cloning console src=[0x200798f];clone=bbfb
[2019-12-04 04:59:59.168] HREF: BigFatAnimeTiddies (usr:Alessandra Joghs[(154,114,2)]) : The cloning console src=[0x200798f];del_rec=1
[2019-12-04 05:00:02.462] HREF: BigFatAnimeTiddies (usr:Alessandra Joghs[(154,114,2)]) : The cloning console src=[0x200798f];del_rec=1
[2019-12-04 05:00:03.656] HREF: BigFatAnimeTiddies (usr:Alessandra Joghs[(154,114,2)]) : The cloning console src=[0x200798f];menu=1
[2019-12-04 05:00:09.130] HREF: BigFatAnimeTiddies (usr:Alessandra Joghs[(0,0,0)]) : The cloning console src=[0x200798f];refresh=1
[2019-12-04 05:00:12.768] HREF: BigFatAnimeTiddies (usr:Alessandra Joghs[(153,113,2)]) : The cloning console src=[0x200798f];menu=2
[2019-12-04 05:00:15.074] HREF: BigFatAnimeTiddies (usr:Alessandra Joghs[(154,114,2)]) : The cloning console src=[0x200798f];view_rec=bbfb
[2019-12-04 05:00:23.550] HREF: BigFatAnimeTiddies (usr:Alessandra Joghs[(154,114,2)]) : bigfatanimetiddies's admin datum (!localhost!) src=[0x210012a7];admin_token=2101191870830460770617956292401075;create_object=1
[2019-12-04 05:00:40.157] HREF: BigFatAnimeTiddies (usr:Alessandra Joghs[(154,115,2)]) : bigfatanimetiddies's admin datum (!localhost!) src=%5B0x210012a7%5D%3Badmin_token%3D2101191870830460770617956292401075&admin_token=2101191870830460770617956292401075&filter=debug&offset=x%2Cy%2Cz&offset_type=relative&object_count=1&object_dir=&object_name=&object_where=onfloor&object_list=%2Fobj%2Fitem%2Fgun%2Fenergy%2Fbeam_rifle%2Fdebug
[2019-12-04 05:01:43.838] HREF: BigFatAnimeTiddies (usr:Alessandra Joghs[(154,114,2)]) : The cloning console src=[0x200798f];clone=bbfb
