/turf/closed/mineral/random/volcanic => 136ms (29287) (avg:0.004643698688596487)
/turf/open/lava/smooth/lava_land_surface => 38ms (9145) (avg:0.0041552758775651455)
/turf/closed/wall => 26ms (3404) (avg:0.0076380730606615543)
/turf/closed/mineral/iron/volcanic => 23ms (3954) (avg:0.0058168941177427769)
/turf/closed/indestructible/riveted => 19ms (3785) (avg:0.0050198151730000973)
/turf/closed/indestructible/riveted/boss => 14ms (3129) (avg:0.0044742729514837265)
/turf/closed/mineral/random/labormineral/volcanic => 14ms (2334) (avg:0.0059982864186167717)
/turf/open/floor/plasteel => 12ms (3860) (avg:0.0031088083051145077)
/obj/structure/lattice => 10ms (1974) (avg:0.0050658560357987881)
/turf/closed/wall/r_wall => 10ms (1605) (avg:0.006230529397726059)
/turf/open/floor/plasteel/dark => 9ms (2377) (avg:0.0037862851750105619)
/obj/machinery/door/airlock/public/glass => 9ms (239) (avg:0.037656903266906738)
/mob/living/carbon/human => 9ms (99) (avg:0.090909093618392944)
/obj/effect/decal/cleanable/dirt => 7ms (2023) (avg:0.0034602077212184668)
/obj/structure/window/reinforced/fulltile => 7ms (1560) (avg:0.0044871796853840351)
/obj/structure/table/reinforced => 7ms (611) (avg:0.011456628330051899)
/obj/item/stock_parts/cell/emergency_light => 6ms (1057) (avg:0.0056764427572488785)
/turf/closed/mineral/titanium/volcanic => 6ms (452) (avg:0.013274336233735085)
/obj/machinery/light => 5ms (1144) (avg:0.0043706293217837811)
/obj/structure/table => 5ms (639) (avg:0.007824726402759552)
/obj/machinery/door/airlock/maintenance => 5ms (193) (avg:0.02590673603117466)
/turf/closed/mineral/silver/volcanic => 4ms (565) (avg:0.0070796459913253784)
/obj/machinery/clonepod/experimental => 4ms (452) (avg:0.008849557489156723)
/turf/closed/mineral/random/low_chance => 3ms (655) (avg:0.0045801526866853237)
/obj/item/gun/energy/pumpaction/toy => 3ms (452) (avg:0.0066371681168675423)
/obj/structure/lattice/catwalk => 3ms (435) (avg:0.0068965516984462738)
/turf/closed/wall/rust => 3ms (425) (avg:0.0070588234812021255)
/turf/closed/mineral => 3ms (371) (avg:0.0080862529575824738)
/obj/machinery/door/airlock/security/glass => 3ms (52) (avg:0.057692307978868484)
/obj/machinery/door/airlock/virology/glass => 3ms (38) (avg:0.078947365283966064)
/obj/machinery/door/airlock/hatch => 3ms (28) (avg:0.1071428582072258)
/obj/machinery/light/small => 2ms (575) (avg:0.0034782609436661005)
/obj/machinery/clonepod => 2ms (452) (avg:0.0044247787445783615)
/obj/structure/table/wood => 2ms (337) (avg:0.0059347180649638176)
/turf/closed/wall/mineral/titanium => 2ms (324) (avg:0.0061728395521640778)
/turf/open/floor/plasteel/white => 2ms (288) (avg:0.0069444444961845875)
/turf/closed/indestructible => 2ms (168) (avg:0.011904762126505375)
/obj/structure/window/fulltile => 2ms (153) (avg:0.013071895577013493)
/turf/closed/indestructible/riveted/uranium => 2ms (131) (avg:0.015267175622284412)
/turf/open/indestructible/hierophant/two => 2ms (113) (avg:0.017699114978313446)
/obj/structure/table/glass => 2ms (65) (avg:0.030769230797886848)
/obj/item/storage/belt/security/full => 2ms (19) (avg:0.10526315867900848)
/turf/open/floor/plasteel/dark/corner => 2ms (15) (avg:0.13333334028720856)
/turf/closed/mineral/plasma/volcanic => 1ms (997) (avg:0.0010030090343207121)
/turf/open/floor/carpet => 1ms (584) (avg:0.0017123287543654442)
/turf/closed/mineral/gold/volcanic => 1ms (448) (avg:0.0022321429569274187)
/obj/machinery/airalarm => 1ms (336) (avg:0.0029761905316263437)
/obj/machinery/power/solar => 1ms (323) (avg:0.0030959751456975937)
/turf/closed/wall/mineral/iron => 1ms (251) (avg:0.0039840638637542725)
/turf/closed/mineral/random/high_chance/volcanic => 1ms (245) (avg:0.0040816324763000011)
/turf/closed/mineral/uranium/volcanic => 1ms (211) (avg:0.0047393366694450378)
/obj/machinery/door/airlock/external => 1ms (200) (avg:0.004999999888241291)
/turf/closed/wall/mineral/titanium/nodiagonal => 1ms (194) (avg:0.0051546390168368816)
/obj/machinery/atmospherics/pipe/manifold/supply/hidden => 1ms (192) (avg:0.0052083334885537624)
/obj/machinery/atmospherics/pipe/manifold/scrubbers/hidden => 1ms (156) (avg:0.0064102564938366413)
/turf/open/floor/holofloor => 1ms (156) (avg:0.0064102564938366413)
/obj/machinery/door/airlock => 1ms (138) (avg:0.0072463769465684891)
/turf/closed/wall/mineral/plastitanium => 1ms (118) (avg:0.0084745762869715691)
/obj/machinery/disposal/bin => 1ms (98) (avg:0.010204081423580647)
/turf/closed/indestructible/riveted/hierophant => 1ms (88) (avg:0.011363636702299118)
/obj/machinery/atmospherics/components/binary/passive_gate => 1ms (81) (avg:0.012345679104328156)
/obj/structure/closet => 1ms (70) (avg:0.014285714365541935)
/obj/structure/window/shuttle => 1ms (59) (avg:0.016949152573943138)
/obj/machinery/newscaster/security_unit => 1ms (52) (avg:0.019230769947171211)
/turf/closed/wall/r_wall/rust => 1ms (49) (avg:0.020408162847161293)
/obj/machinery/door/airlock/shuttle => 1ms (44) (avg:0.022727273404598236)
/turf/closed/wall/mineral/cult => 1ms (41) (avg:0.024390242993831635)
/obj/machinery/power/solar/fake => 1ms (36) (avg:0.02777777798473835)
/obj/machinery/door/airlock/engineering => 1ms (34) (avg:0.029411764815449715)
/obj/machinery/power/smes/engineering => 1ms (31) (avg:0.032258063554763794)
/obj/item/gun/energy/laser => 1ms (27) (avg:0.037037037312984467)
/obj/machinery/door/airlock/engineering/glass => 1ms (24) (avg:0.041666667908430099)
/obj/structure/table/wood/fancy => 1ms (21) (avg:0.0476190485060215)
/obj/item/clothing/under/polychromic/shirt => 1ms (18) (avg:0.0555555559694767)
/mob/living/simple_animal/slime => 1ms (18) (avg:0.0555555559694767)
/turf/closed/mineral/uranium => 1ms (12) (avg:0.083333335816860199)
/obj/item/reagent_containers/blood/OMinus => 1ms (10) (avg:0.10000000149011612)
/obj/item/dice/d4 => 1ms (7) (avg:0.1428571492433548)
/obj/machinery/door/airlock/vault => 1ms (4) (avg:0.25)
/obj/structure/door_assembly/door_assembly_mai => 1ms (2) (avg:0.5)
/obj/item/bodypart/r_arm => 1ms (2) (avg:0.5)
/obj/item/bodypart/l_leg => 1ms (2) (avg:0.5)
/mob/living/carbon/monkey/punpun => 1ms (1) (avg:1)
/obj/structure/closet/wardrobe/chemistry_white => 1ms (1) (avg:1)
/obj/machinery/door/airlock/survival_pod/glass => 1ms (1) (avg:1)
/obj/machinery/door/airlock/glass_large => 1ms (1) (avg:1)
/obj/structure/closet/secure_closet/miner/unlocked => 1ms (1) (avg:1)
/turf/open/indestructible/hierophant => 0ms (328) (avg:0)
/obj/machinery/firealarm => 0ms (283) (avg:0)
/turf/closed/mineral/volcanic/lava_land_surface => 0ms (225) (avg:0)
/turf/open/space => 0ms (204) (avg:0)
/turf/open/floor/plating => 0ms (202) (avg:0)
/obj/machinery/newscaster => 0ms (152) (avg:0)
/obj/machinery/door/airlock/centcom => 0ms (147) (avg:0)
/obj/item/stock_parts/cell/upgraded => 0ms (139) (avg:0)
/obj/item/stock_parts/cell/high/empty => 0ms (135) (avg:0)
/turf/closed/mineral/random/high_chance => 0ms (126) (avg:0)
/turf/closed/mineral/random => 0ms (118) (avg:0)
/turf/closed/mineral/gibtonite/volcanic => 0ms (117) (avg:0)
/obj/machinery/power/solar_control => 0ms (104) (avg:0)
/turf/open/floor/engine => 0ms (97) (avg:0)
/obj/item/stock_parts/cell => 0ms (96) (avg:0)
/obj/item/stock_parts/cell/high => 0ms (90) (avg:0)
/turf/closed/indestructible/fakeglass => 0ms (90) (avg:0)
/obj/item/screwdriver => 0ms (87) (avg:0)
/turf/open/floor/carpet/royalblue => 0ms (81) (avg:0)
/obj/item/wirecutters => 0ms (74) (avg:0)
/obj/structure/closet/emcloset => 0ms (66) (avg:0)
/obj/item/paper_bin => 0ms (65) (avg:0)
/turf/closed/mineral/iron => 0ms (65) (avg:0)
/turf/open/floor/plasteel/white/corner => 0ms (63) (avg:0)
/obj/machinery/door/airlock/titanium => 0ms (60) (avg:0)
/obj/item/weldingtool => 0ms (57) (avg:0)
/obj/item/reagent_containers/glass/beaker/large => 0ms (56) (avg:0)
/turf/closed/wall/mineral/titanium/survival/pod => 0ms (56) (avg:0)
/obj/item/reagent_containers/syringe/charcoal => 0ms (55) (avg:0)
/turf/closed/mineral/diamond/volcanic => 0ms (52) (avg:0)
/obj/machinery/door/airlock/highsecurity => 0ms (49) (avg:0)
/turf/open/floor/carpet/black => 0ms (48) (avg:0)
/obj/machinery/door/airlock/maintenance/abandoned => 0ms (47) (avg:0)
/turf/open/floor/plasteel/cafeteria => 0ms (45) (avg:0)
/turf/closed/mineral/bscrystal/volcanic => 0ms (45) (avg:0)
/obj/machinery/door/airlock/command/glass => 0ms (44) (avg:0)
/obj/machinery/atmospherics/pipe/manifold/general/visible => 0ms (41) (avg:0)
/obj/item/reagent_containers/glass/beaker => 0ms (40) (avg:0)
/turf/closed/mineral/ash_rock => 0ms (40) (avg:0)
/obj/item/clipboard => 0ms (38) (avg:0)
/turf/open/floor/plating/airless => 0ms (38) (avg:0)
/turf/open/space/basic => 0ms (38) (avg:0)
/turf/open/floor/mineral/plastitanium/red => 0ms (37) (avg:0)
/obj/item/reagent_containers/glass/beaker/waterbottle/large => 0ms (37) (avg:0)
/obj/machinery/door/airlock/research => 0ms (36) (avg:0)
/obj/structure/window/plasma/reinforced/fulltile => 0ms (36) (avg:0)
/obj/item/storage/toolbox/emergency => 0ms (35) (avg:0)
/obj/item/storage/toolbox/mechanical => 0ms (35) (avg:0)
/obj/machinery/door/airlock/medical/glass => 0ms (35) (avg:0)
/obj/machinery/door/airlock/maintenance_hatch => 0ms (35) (avg:0)
/obj/structure/transit_tube => 0ms (34) (avg:0)
/obj/structure/closet/secure_closet/personal => 0ms (34) (avg:0)
/obj/machinery/door/airlock/mining/glass => 0ms (34) (avg:0)
/obj/machinery/computer/secure_data => 0ms (33) (avg:0)
/obj/machinery/door/airlock/command => 0ms (32) (avg:0)
/turf/closed/mineral/plasma => 0ms (31) (avg:0)
/obj/machinery/atmospherics/pipe/manifold4w/supply/hidden => 0ms (30) (avg:0)
/obj/machinery/airalarm/all_access => 0ms (30) (avg:0)
/turf/open/floor/plasteel/airless => 0ms (29) (avg:0)
/obj/machinery/computer => 0ms (28) (avg:0)
/obj/structure/window/paperframe => 0ms (27) (avg:0)
/obj/screen/healthdoll => 0ms (27) (avg:0)
/turf/open/floor/circuit/green/off => 0ms (26) (avg:0)
/obj/item/reagent_containers/glass/bottle/epinephrine => 0ms (25) (avg:0)
/obj/item/stock_parts/cell/upgraded/plus => 0ms (25) (avg:0)
/obj/machinery/power/smes => 0ms (25) (avg:0)
/obj/machinery/door/airlock/security => 0ms (24) (avg:0)
/obj/item/reagent_containers/blood/random => 0ms (23) (avg:0)
/obj/item/reagent_containers/glass/bottle/charcoal => 0ms (22) (avg:0)
/obj/structure/closet/crate/bin => 0ms (21) (avg:0)
/obj/item/disk/plantgene => 0ms (21) (avg:0)
/obj/item/clothing/under/polychromic/shortpants => 0ms (21) (avg:0)
/turf/closed/wall/mineral/wood => 0ms (21) (avg:0)
/obj/machinery/portable_atmospherics/canister/air => 0ms (20) (avg:0)
/obj/machinery/portable_atmospherics/canister/oxygen => 0ms (20) (avg:0)
/obj/item/stock_parts/cell/high/plus => 0ms (20) (avg:0)
/obj/machinery/atmospherics/pipe/manifold4w/scrubbers/hidden => 0ms (18) (avg:0)
/obj/machinery/computer/security => 0ms (18) (avg:0)
/obj/item/clothing/under/polychromic/jumpsuit => 0ms (18) (avg:0)
/obj/item/clothing/under/polychromic/kilt => 0ms (18) (avg:0)
/obj/item/clothing/under/polychromic/skirt => 0ms (18) (avg:0)
/obj/item/clothing/under/polychromic/shorts => 0ms (18) (avg:0)
/obj/machinery/door/airlock/science => 0ms (18) (avg:0)
/turf/closed/mineral/silver => 0ms (18) (avg:0)
/obj/structure/closet/cardboard => 0ms (16) (avg:0)
/obj/machinery/airalarm/unlocked => 0ms (16) (avg:0)
/turf/open/floor/plasteel/airless/dark => 0ms (16) (avg:0)
/obj/structure/table/abductor => 0ms (16) (avg:0)
/turf/open/floor/holofloor/carpet => 0ms (16) (avg:0)
/obj/item/storage/toolbox/electrical => 0ms (15) (avg:0)
/obj/machinery/atmospherics/pipe/manifold/cyan/visible => 0ms (15) (avg:0)
/turf/closed/mineral/gold => 0ms (15) (avg:0)
/obj/structure/window/plastitanium => 0ms (15) (avg:0)
/obj/structure/transit_tube/horizontal => 0ms (14) (avg:0)
/obj/machinery/atmospherics/pipe/manifold/supplymain/hidden => 0ms (14) (avg:0)
/obj/item/storage/box/handcuffs => 0ms (14) (avg:0)
/obj/item/storage/box/syringes => 0ms (14) (avg:0)
/obj/machinery/door/airlock/medical => 0ms (14) (avg:0)
/obj/machinery/computer/med_data => 0ms (13) (avg:0)
/obj/item/storage/box/lights/mixed => 0ms (13) (avg:0)
/obj/item/reagent_containers/glass/bottle/morphine => 0ms (13) (avg:0)
/obj/machinery/door/airlock/research/glass => 0ms (13) (avg:0)
/obj/screen/inventory/hand => 0ms (13) (avg:0)
/obj/machinery/atmospherics/pipe/manifold/scrubbers/visible => 0ms (12) (avg:0)
/obj/item/lighter => 0ms (12) (avg:0)
/obj/item/gun/ballistic/automatic/wt550 => 0ms (12) (avg:0)
/obj/machinery/computer/shuttle/mining => 0ms (12) (avg:0)
/turf/open/floor/circuit/red => 0ms (12) (avg:0)
/turf/open/floor/circuit => 0ms (12) (avg:0)
/turf/open/floor/plasteel/showroomfloor => 0ms (12) (avg:0)
/obj/structure/closet/firecloset => 0ms (12) (avg:0)
/turf/open/floor/plasteel/freezer => 0ms (12) (avg:0)
/obj/item/gun/energy/e_gun/turret => 0ms (12) (avg:0)
/obj/machinery/atmospherics/pipe/manifold4w/scrubbers => 0ms (12) (avg:0)
/turf/closed/wall/mineral/titanium/interior => 0ms (12) (avg:0)
/turf/closed/mineral/titanium => 0ms (12) (avg:0)
/turf/closed/indestructible/riveted/boss/see_through => 0ms (12) (avg:0)
/obj/machinery/portable_atmospherics/canister/nitrous_oxide => 0ms (11) (avg:0)
/mob/living/carbon/monkey => 0ms (11) (avg:0)
/obj/machinery/computer/crew => 0ms (11) (avg:0)
/obj/structure/closet/secure_closet/security => 0ms (11) (avg:0)
/obj/machinery/computer/communications => 0ms (11) (avg:0)
/obj/item/gun/energy/e_gun => 0ms (11) (avg:0)
/obj/machinery/computer/station_alert => 0ms (11) (avg:0)
/obj/item/storage/crayons => 0ms (10) (avg:0)
/obj/machinery/computer/cargo => 0ms (10) (avg:0)
/obj/machinery/door/airlock/atmos/abandoned => 0ms (10) (avg:0)
/obj/item/storage/box/rxglasses => 0ms (10) (avg:0)
/obj/item/storage/box/emptysandbags => 0ms (10) (avg:0)
/obj/machinery/door/airlock/atmos => 0ms (10) (avg:0)
/obj/machinery/door/airlock/grunge => 0ms (10) (avg:0)
/obj/machinery/atmospherics/components/unary/vent_scrubber/on => 0ms (10) (avg:0)
/obj/machinery/atmospherics/components/unary/vent_pump/on => 0ms (10) (avg:0)
/obj/item/gun/energy/beam_rifle/debug => 0ms (10) (avg:0)
/obj/item/gps/internal => 0ms (9) (avg:0)
/obj/item/dice/d20 => 0ms (9) (avg:0)
/obj/machinery/computer/mech_bay_power_console => 0ms (9) (avg:0)
/obj/machinery/computer/prisoner => 0ms (9) (avg:0)
/obj/machinery/computer/security/mining => 0ms (9) (avg:0)
/obj/item/storage/box/beakers => 0ms (9) (avg:0)
/obj/item/stack/ore/bluespace_crystal/artificial => 0ms (9) (avg:0)
/turf/open/lava/smooth => 0ms (9) (avg:0)
/obj/machinery/portable_atmospherics/canister/toxins => 0ms (8) (avg:0)
/obj/structure/closet/abductor => 0ms (8) (avg:0)
/obj/machinery/door/airlock/wood => 0ms (8) (avg:0)
/obj/item/storage/box/mousetraps => 0ms (8) (avg:0)
/obj/item/storage/box/flashbangs => 0ms (8) (avg:0)
/obj/machinery/computer/card/centcom => 0ms (8) (avg:0)
/obj/item/reagent_containers/syringe/epinephrine => 0ms (8) (avg:0)
/obj/machinery/computer/shuttle/labor => 0ms (8) (avg:0)
/obj/machinery/computer/atmos_alert => 0ms (8) (avg:0)
/obj/item/storage/box/bodybags => 0ms (8) (avg:0)
/obj/structure/closet/radiation => 0ms (8) (avg:0)
/obj/machinery/door/airlock/external/glass => 0ms (8) (avg:0)
/obj/structure/transit_tube/crossing/horizontal => 0ms (7) (avg:0)
/obj/item/storage/box/drinkingglasses => 0ms (7) (avg:0)
/obj/item/defibrillator/loaded => 0ms (7) (avg:0)
/obj/structure/closet/secure_closet/freezer/meat => 0ms (7) (avg:0)
/obj/structure/closet/secure_closet/freezer/fridge => 0ms (7) (avg:0)
/obj/machinery/computer/operating => 0ms (7) (avg:0)
/obj/item/dice/d6 => 0ms (7) (avg:0)
/obj/item/dice/d10 => 0ms (7) (avg:0)
/obj/structure/closet/secure_closet/brig => 0ms (7) (avg:0)
/obj/structure/closet/toolcloset => 0ms (7) (avg:0)
/obj/machinery/door/airlock/engineering/abandoned => 0ms (7) (avg:0)
/obj/structure/closet/athletic_mixed => 0ms (7) (avg:0)
/obj/item/disk/data => 0ms (7) (avg:0)
/obj/item/stock_parts/cell/emproof => 0ms (7) (avg:0)
/obj/item/gun/energy/kinetic_accelerator => 0ms (7) (avg:0)
/obj/machinery/atmospherics/pipe/manifold/yellow/visible => 0ms (7) (avg:0)
/turf/closed/mineral/diamond => 0ms (7) (avg:0)
/obj/item/storage/box/matches => 0ms (6) (avg:0)
/obj/structure/closet/secure_closet/freezer/kitchen => 0ms (6) (avg:0)
/obj/item/storage/box/ids => 0ms (6) (avg:0)
/obj/structure/closet/syndicate/personal => 0ms (6) (avg:0)
/obj/item/dice/d8 => 0ms (6) (avg:0)
/obj/item/dice/d12 => 0ms (6) (avg:0)
/obj/machinery/computer/cryopod => 0ms (6) (avg:0)
/obj/structure/closet/secure_closet/security/sec => 0ms (6) (avg:0)
/obj/structure/closet/wardrobe/mixed => 0ms (6) (avg:0)
/obj/item/storage/box/pillbottles => 0ms (6) (avg:0)
/obj/item/storage/box/medsprays => 0ms (6) (avg:0)
/obj/item/reagent_containers/glass/bottle/toxin => 0ms (6) (avg:0)
/obj/machinery/computer/monitor => 0ms (6) (avg:0)
/obj/machinery/computer/card => 0ms (6) (avg:0)
/obj/structure/closet/l3closet/scientist => 0ms (6) (avg:0)
/obj/structure/tank_dispenser/oxygen => 0ms (6) (avg:0)
/obj/machinery/computer/bounty => 0ms (6) (avg:0)
/obj/machinery/computer/teleporter => 0ms (6) (avg:0)
/obj/structure/closet/secure_closet/miner => 0ms (6) (avg:0)
/obj/machinery/door/airlock/virology => 0ms (6) (avg:0)
/obj/item/reagent_containers/syringe/antiviral => 0ms (6) (avg:0)
/obj/machinery/atmospherics/components/unary/outlet_injector/on => 0ms (6) (avg:0)
/obj/machinery/portable_atmospherics/canister/carbon_dioxide => 0ms (5) (avg:0)
/obj/machinery/portable_atmospherics/canister/nitrogen => 0ms (5) (avg:0)
/obj/structure/transit_tube/station/reverse/flipped => 0ms (5) (avg:0)
/obj/item/clothing/head/helmet/space/plasmaman => 0ms (5) (avg:0)
/obj/machinery/gibber => 0ms (5) (avg:0)
/obj/machinery/computer/telecrystals/uplinker => 0ms (5) (avg:0)
/obj/item/paicard => 0ms (5) (avg:0)
/obj/machinery/computer/med_data/laptop => 0ms (5) (avg:0)
/obj/item/gps/mining => 0ms (5) (avg:0)
/obj/item/storage/toolbox/drone => 0ms (5) (avg:0)
/obj/item/reagent_containers/syringe/lethal/execution => 0ms (5) (avg:0)
/obj/structure/closet/secure_closet/medical1 => 0ms (5) (avg:0)
/obj/item/pda => 0ms (5) (avg:0)
/obj/item/storage/box => 0ms (5) (avg:0)
/obj/structure/closet/secure_closet/personal/patient => 0ms (5) (avg:0)
/obj/structure/closet/l3closet => 0ms (5) (avg:0)
/obj/machinery/atmospherics/pipe/manifold/supply/visible => 0ms (5) (avg:0)
/obj/machinery/atmospherics/components/trinary/filter/flipped/critical => 0ms (5) (avg:0)
/obj/structure/table/wood/poker => 0ms (5) (avg:0)
/turf/open/floor/mineral/plastitanium => 0ms (5) (avg:0)
/obj/screen/movable/action_button => 0ms (5) (avg:0)
/obj/screen/inventory => 0ms (5) (avg:0)
/obj/item/storage/box/alienhandcuffs => 0ms (4) (avg:0)
/obj/machinery/computer/camera_advanced/abductor => 0ms (4) (avg:0)
/obj/machinery/door/airlock/silver => 0ms (4) (avg:0)
/obj/item/storage/box/silver_ids => 0ms (4) (avg:0)
/obj/item/storage/box/teargas => 0ms (4) (avg:0)
/obj/item/storage/box/zipties => 0ms (4) (avg:0)
/obj/machinery/computer/emergency_shuttle => 0ms (4) (avg:0)
/obj/machinery/computer/auxillary_base => 0ms (4) (avg:0)
/obj/machinery/power/smes/magical => 0ms (4) (avg:0)
/obj/machinery/modular_computer/console/preset/command => 0ms (4) (avg:0)
/obj/item/gun/energy/laser/practice => 0ms (4) (avg:0)
/obj/structure/closet/wardrobe/white => 0ms (4) (avg:0)
/obj/structure/closet/wardrobe/pjs => 0ms (4) (avg:0)
/obj/machinery/modular_computer/console/preset/engineering => 0ms (4) (avg:0)
/obj/machinery/computer/cargo/request => 0ms (4) (avg:0)
/obj/structure/closet/wardrobe/black => 0ms (4) (avg:0)
/obj/machinery/computer/rdconsole/core => 0ms (4) (avg:0)
/obj/machinery/computer/scan_consolenew => 0ms (4) (avg:0)
/obj/item/reagent_containers/glass/beaker/cryoxadone => 0ms (4) (avg:0)
/obj/machinery/atmospherics/components/unary/cryo_cell => 0ms (4) (avg:0)
/obj/machinery/door/airlock/mining => 0ms (4) (avg:0)
/turf/open/floor/plasteel/checker => 0ms (4) (avg:0)
/obj/machinery/computer/atmos_control => 0ms (4) (avg:0)
/obj/machinery/computer/camera_advanced/xenobio => 0ms (4) (avg:0)
/obj/machinery/door/airlock/atmos/glass => 0ms (4) (avg:0)
/obj/item/weldingtool/largetank => 0ms (4) (avg:0)
/obj/machinery/computer/atmos_control/tank => 0ms (4) (avg:0)
/obj/machinery/atmospherics/components/unary/vent_pump/siphon/atmos => 0ms (4) (avg:0)
/obj/item/gps/internal/dragon => 0ms (4) (avg:0)
/obj/machinery/atmospherics/pipe/manifold/green/visible => 0ms (4) (avg:0)
/turf/closed/wall/mineral/plastitanium/nodiagonal => 0ms (4) (avg:0)
/obj/screen/movable/action_button/hide_toggle => 0ms (3) (avg:0)
/obj/structure/transit_tube/station/reverse => 0ms (3) (avg:0)
/obj/machinery/computer/shuttle => 0ms (3) (avg:0)
/obj/item/reagent_containers/blood/AMinus => 0ms (3) (avg:0)
/obj/item/reagent_containers/blood/BMinus => 0ms (3) (avg:0)
/obj/item/reagent_containers/blood/BPlus => 0ms (3) (avg:0)
/obj/item/reagent_containers/blood/OPlus => 0ms (3) (avg:0)
/obj/item/reagent_containers/blood/lizard => 0ms (3) (avg:0)
/obj/structure/closet/secure_closet/hydroponics => 0ms (3) (avg:0)
/obj/item/storage/box/disks_plantgene => 0ms (3) (avg:0)
/obj/item/stock_parts/cell/infinite => 0ms (3) (avg:0)
/obj/item/storage/box/emps => 0ms (3) (avg:0)
/obj/item/gun/energy/ionrifle => 0ms (3) (avg:0)
/obj/machinery/modular_computer/console/preset/research => 0ms (3) (avg:0)
/obj/item/gps/internal/base => 0ms (3) (avg:0)
/obj/structure/closet/secure_closet/personal/cabinet => 0ms (3) (avg:0)
/obj/machinery/computer/arcade/orion_trail/kobayashi => 0ms (3) (avg:0)
/obj/item/storage/box/firingpins => 0ms (3) (avg:0)
/obj/item/gun/energy/e_gun/advtaser => 0ms (3) (avg:0)
/obj/item/gun/energy/laser/bluetag => 0ms (3) (avg:0)
/obj/item/gun/energy/laser/redtag => 0ms (3) (avg:0)
/obj/structure/closet/secure_closet/chemical => 0ms (3) (avg:0)
/obj/item/storage/toolbox/artistic => 0ms (3) (avg:0)
/obj/structure/closet/wardrobe/grey => 0ms (3) (avg:0)
/obj/item/clothing/neck/petcollar => 0ms (3) (avg:0)
/obj/structure/closet/bombcloset => 0ms (3) (avg:0)
/obj/structure/tank_dispenser => 0ms (3) (avg:0)
/obj/item/reagent_containers/glass/bottle/mutagen => 0ms (3) (avg:0)
/obj/item/twohanded/rcl/pre_loaded => 0ms (3) (avg:0)
/obj/structure/closet/secure_closet/engineering_personal => 0ms (3) (avg:0)
/obj/item/storage/toolbox/syndicate => 0ms (3) (avg:0)
/obj/structure/closet/cabinet => 0ms (3) (avg:0)
/obj/item/storage/box/ingredients/wildcard => 0ms (3) (avg:0)
/obj/machinery/atmospherics/components/trinary/filter => 0ms (3) (avg:0)
/obj/structure/table/wood/bar => 0ms (3) (avg:0)
/obj/structure/window/reinforced/tinted/fulltile => 0ms (3) (avg:0)
/turf/closed/mineral/bscrystal => 0ms (3) (avg:0)
/obj/screen/parallax_layer/layer_1 => 0ms (2) (avg:0)
/obj/screen/parallax_layer/layer_2 => 0ms (2) (avg:0)
/obj/structure/closet/crate/secure/loot => 0ms (2) (avg:0)
/obj/machinery/atmospherics/components/trinary/filter/atmos/n2 => 0ms (2) (avg:0)
/obj/machinery/atmospherics/miner/nitrogen => 0ms (2) (avg:0)
/obj/machinery/atmospherics/components/trinary/filter/atmos/o2 => 0ms (2) (avg:0)
/obj/machinery/atmospherics/miner/oxygen => 0ms (2) (avg:0)
/obj/structure/closet/chefcloset => 0ms (2) (avg:0)
/obj/structure/closet/secure_closet/ertMed => 0ms (2) (avg:0)
/obj/item/defibrillator/compact/combat/loaded => 0ms (2) (avg:0)
/obj/structure/closet/secure_closet/ertSec => 0ms (2) (avg:0)
/obj/item/storage/box/flashes => 0ms (2) (avg:0)
/obj/structure/closet/secure_closet/ertEngi => 0ms (2) (avg:0)
/obj/item/storage/box/metalfoam => 0ms (2) (avg:0)
/obj/machinery/computer/camera_advanced => 0ms (2) (avg:0)
/obj/machinery/computer/shuttle/ferry => 0ms (2) (avg:0)
/obj/item/dice/d1 => 0ms (2) (avg:0)
/obj/machinery/computer/monitor/secret => 0ms (2) (avg:0)
/obj/machinery/computer/shuttle/white_ship => 0ms (2) (avg:0)
/obj/structure/closet/wardrobe/cargotech => 0ms (2) (avg:0)
/obj/structure/closet/secure_closet/quartermaster => 0ms (2) (avg:0)
/obj/structure/closet/secure_closet/courtroom => 0ms (2) (avg:0)
/obj/machinery/computer/security/hos => 0ms (2) (avg:0)
/obj/machinery/computer/card/minor/hos => 0ms (2) (avg:0)
/obj/item/gun/energy/e_gun/dragnet => 0ms (2) (avg:0)
/obj/item/storage/box/hug => 0ms (2) (avg:0)
/obj/machinery/computer/gulag_teleporter_computer => 0ms (2) (avg:0)
/obj/machinery/computer/security/labor => 0ms (2) (avg:0)
/obj/item/storage/box/prisoner => 0ms (2) (avg:0)
/obj/machinery/computer/camera_advanced/base_construction => 0ms (2) (avg:0)
/obj/item/storage/box/cups => 0ms (2) (avg:0)
/obj/machinery/computer/holodeck => 0ms (2) (avg:0)
/obj/machinery/computer/bank_machine => 0ms (2) (avg:0)
/turf/open/floor/wood => 0ms (2) (avg:0)
/obj/structure/closet/secure_closet/freezer/cream_pie => 0ms (2) (avg:0)
/obj/structure/closet/wardrobe/green => 0ms (2) (avg:0)
/obj/structure/fireaxecabinet => 0ms (2) (avg:0)
/obj/item/storage/box/evidence => 0ms (2) (avg:0)
/obj/machinery/computer/upload/ai => 0ms (2) (avg:0)
/obj/machinery/computer/upload/borg => 0ms (2) (avg:0)
/obj/machinery/computer/rdconsole/robotics => 0ms (2) (avg:0)
/obj/item/storage/box/masks => 0ms (2) (avg:0)
/obj/item/storage/box/gloves => 0ms (2) (avg:0)
/obj/machinery/computer/aifixer => 0ms (2) (avg:0)
/obj/machinery/computer/rdconsole/experiment => 0ms (2) (avg:0)
/obj/machinery/computer/robotics => 0ms (2) (avg:0)
/obj/machinery/computer/cloning => 0ms (2) (avg:0)
/obj/machinery/computer/mecha => 0ms (2) (avg:0)
/obj/machinery/airalarm/server => 0ms (2) (avg:0)
/obj/machinery/computer/security/qm => 0ms (2) (avg:0)
/obj/machinery/computer/rdservercontrol => 0ms (2) (avg:0)
/obj/machinery/computer/card/minor/rd => 0ms (2) (avg:0)
/obj/structure/closet/secure_closet/medical3 => 0ms (2) (avg:0)
/obj/structure/closet/l3closet/janitor => 0ms (2) (avg:0)
/obj/structure/closet/secure_closet/medical2 => 0ms (2) (avg:0)
/obj/machinery/computer/card/minor/cmo => 0ms (2) (avg:0)
/obj/machinery/door/airlock/research/glass/incinerator/toxmix_exterior => 0ms (2) (avg:0)
/obj/machinery/door/airlock/research/glass/incinerator/toxmix_interior => 0ms (2) (avg:0)
/obj/machinery/computer/atmos_control/tank/mix_tank => 0ms (2) (avg:0)
/obj/machinery/computer/atmos_control/tank/nitrous_tank => 0ms (2) (avg:0)
/obj/machinery/announcement_system => 0ms (2) (avg:0)
/obj/machinery/computer/message_monitor => 0ms (2) (avg:0)
/obj/structure/closet/secure_closet/atmospherics => 0ms (2) (avg:0)
/obj/machinery/computer/telecomms/server => 0ms (2) (avg:0)
/obj/machinery/computer/atmos_control/tank/toxin_tank => 0ms (2) (avg:0)
/obj/machinery/computer/atmos_control/tank/carbon_tank => 0ms (2) (avg:0)
/obj/machinery/computer/telecomms/monitor => 0ms (2) (avg:0)
/obj/machinery/computer/atmos_control/tank/nitrogen_tank => 0ms (2) (avg:0)
/obj/machinery/computer/atmos_control/tank/oxygen_tank => 0ms (2) (avg:0)
/obj/machinery/computer/atmos_control/tank/air_tank => 0ms (2) (avg:0)
/obj/machinery/computer/apc_control => 0ms (2) (avg:0)
/obj/structure/closet/firecloset/full => 0ms (2) (avg:0)
/obj/machinery/computer/card/minor/ce => 0ms (2) (avg:0)
/obj/machinery/computer/turbine_computer => 0ms (2) (avg:0)
/obj/machinery/door/airlock/public/glass/incinerator/atmos_interior => 0ms (2) (avg:0)
/obj/machinery/door/airlock/public/glass/incinerator/atmos_exterior => 0ms (2) (avg:0)
/obj/machinery/computer/rdconsole/production => 0ms (2) (avg:0)
/obj/machinery/door/airlock/abandoned => 0ms (2) (avg:0)
/obj/machinery/door/airlock/engineering/glass/critical => 0ms (2) (avg:0)
/obj/structure/closet/emcloset/anchored => 0ms (2) (avg:0)
/obj/structure/reflector/box/anchored => 0ms (2) (avg:0)
/obj/structure/reflector/single/anchored => 0ms (2) (avg:0)
/obj/machinery/computer/shuttle/labor/one_way => 0ms (2) (avg:0)
/obj/machinery/door/airlock/glass => 0ms (2) (avg:0)
/obj/machinery/atmospherics/components/unary/vent_pump => 0ms (2) (avg:0)
/obj/item/defibrillator => 0ms (2) (avg:0)
/obj/item/gun/energy/laser/retro/old => 0ms (2) (avg:0)
/obj/machinery/door/airlock/freezer => 0ms (2) (avg:0)
/obj/item/gps => 0ms (2) (avg:0)
/obj/item/storage/box/survival => 0ms (2) (avg:0)
/obj/machinery/atmospherics/components/unary/outlet_injector/atmos => 0ms (2) (avg:0)
/obj/machinery/atmospherics/pipe/manifold => 0ms (2) (avg:0)
/obj/machinery/atmospherics/pipe/manifold4w/general => 0ms (2) (avg:0)
/obj/machinery/atmospherics/pipe/manifold4w => 0ms (2) (avg:0)
/turf/closed/wall/mineral/titanium/survival/nodiagonal => 0ms (2) (avg:0)
/obj/item/pda/heads/cmo => 0ms (2) (avg:0)
/mob/living/carbon/human/dummy => 0ms (2) (avg:0)
/obj/item/storage/box/stockparts/deluxe => 0ms (2) (avg:0)
/obj/item/bodypart/l_arm => 0ms (2) (avg:0)
/obj/item/bodypart/r_leg => 0ms (2) (avg:0)
/mob/dead/observer => 0ms (2) (avg:0)
/obj/structure/closet/crate/secure/gear => 0ms (1) (avg:0)
/obj/machinery/portable_atmospherics/canister/water_vapor => 0ms (1) (avg:0)
/obj/machinery/portable_atmospherics/canister/bz => 0ms (1) (avg:0)
/obj/structure/transit_tube/curved/flipped => 0ms (1) (avg:0)
/obj/structure/transit_tube/curved => 0ms (1) (avg:0)
/obj/structure/closet/crate/critter => 0ms (1) (avg:0)
/obj/structure/closet/crate/secure/engineering => 0ms (1) (avg:0)
/obj/structure/closet/crate/secure/weapon => 0ms (1) (avg:0)
/obj/machinery/atmospherics/components/trinary/mixer/airmix/inverse => 0ms (1) (avg:0)
/obj/machinery/atmospherics/pipe/manifold4w/supplymain/hidden => 0ms (1) (avg:0)
/obj/structure/door_assembly/door_assembly_mhatch => 0ms (1) (avg:0)
/obj/structure/door_assembly/door_assembly_public => 0ms (1) (avg:0)
/obj/item/gps/internal/legion => 0ms (1) (avg:0)
/obj/item/gps/internal/hierophant => 0ms (1) (avg:0)
/obj/item/dice => 0ms (1) (avg:0)
/obj/structure/closet/cardboard/metal => 0ms (1) (avg:0)
/obj/machinery/computer/telecrystals/boss => 0ms (1) (avg:0)
/obj/machinery/shuttle_manipulator => 0ms (1) (avg:0)
/obj/structure/closet/secure_closet/ertCom => 0ms (1) (avg:0)
/obj/item/gun/ballistic/automatic/pistol/deagle => 0ms (1) (avg:0)
/obj/machinery/computer/shuttle/syndicate/recall => 0ms (1) (avg:0)
/obj/item/stock_parts/cell/pulse/carbine => 0ms (1) (avg:0)
/obj/item/gun/energy/pulse/carbine/loyalpin => 0ms (1) (avg:0)
/obj/item/gun/ballistic/automatic/ar => 0ms (1) (avg:0)
/obj/structure/closet/secure_closet/contraband/heads => 0ms (1) (avg:0)
/obj/structure/closet/lawcloset => 0ms (1) (avg:0)
/obj/item/gun/energy/e_gun/mini/practice_phaser => 0ms (1) (avg:0)
/obj/screen/parallax_layer/layer_3 => 0ms (1) (avg:0)
/obj/item/dice/d2 => 0ms (1) (avg:0)
/obj/item/storage/box/seccarts => 0ms (1) (avg:0)
/obj/item/storage/box/deputy => 0ms (1) (avg:0)
/obj/structure/closet/bombcloset/security => 0ms (1) (avg:0)
/obj/item/storage/box/chemimp => 0ms (1) (avg:0)
/obj/item/storage/box/trackimp => 0ms (1) (avg:0)
/obj/item/gun/energy/temperature/security => 0ms (1) (avg:0)
/obj/structure/closet/secure_closet/lethalshots => 0ms (1) (avg:0)
/obj/structure/closet/l3closet/security => 0ms (1) (avg:0)
/obj/structure/closet/secure_closet/hos => 0ms (1) (avg:0)
/obj/item/gun/energy/e_gun/hos => 0ms (1) (avg:0)
/obj/structure/closet/secure_closet/contraband/armory => 0ms (1) (avg:0)
/obj/structure/closet/secure_closet/injection => 0ms (1) (avg:0)
/obj/structure/closet/secure_closet/warden => 0ms (1) (avg:0)
/obj/item/construction/rcd/internal => 0ms (1) (avg:0)
/obj/item/stock_parts/cell/potato => 0ms (1) (avg:0)
/obj/structure/closet/boxinggloves => 0ms (1) (avg:0)
/obj/structure/closet/masks => 0ms (1) (avg:0)
/obj/structure/closet/lasertag/blue => 0ms (1) (avg:0)
/obj/structure/closet/lasertag/red => 0ms (1) (avg:0)
/obj/item/construction/rcd => 0ms (1) (avg:0)
/obj/item/folder/documents => 0ms (1) (avg:0)
/obj/structure/closet/secure_closet/bar => 0ms (1) (avg:0)
/obj/item/reagent_containers/glass/bottle/nutrient/ez => 0ms (1) (avg:0)
/obj/item/reagent_containers/glass/bottle/nutrient/rh => 0ms (1) (avg:0)
/obj/structure/closet/secure_closet/exile => 0ms (1) (avg:0)
/obj/item/lighter/greyscale => 0ms (1) (avg:0)
/obj/item/storage/box/PDAs => 0ms (1) (avg:0)
/obj/structure/closet/secure_closet/detective => 0ms (1) (avg:0)
/obj/item/gun/energy/laser/captain => 0ms (1) (avg:0)
/obj/machinery/gravity_generator/part => 0ms (1) (avg:0)
/obj/structure/closet/secure_closet/security/med => 0ms (1) (avg:0)
/obj/item/reagent_containers/glass/beaker/sulphuric => 0ms (1) (avg:0)
/obj/structure/closet/secure_closet/captains => 0ms (1) (avg:0)
/obj/item/storage/belt/sabre => 0ms (1) (avg:0)
/obj/item/storage/box/disks => 0ms (1) (avg:0)
/obj/structure/closet/secure_closet/hop => 0ms (1) (avg:0)
/obj/structure/closet/secure_closet/security/science => 0ms (1) (avg:0)
/obj/structure/closet/secure_closet/security/cargo => 0ms (1) (avg:0)
/obj/structure/closet/secure_closet/RD => 0ms (1) (avg:0)
/obj/structure/closet/wardrobe/miner => 0ms (1) (avg:0)
/obj/item/reagent_containers/glass/beaker/synthflesh => 0ms (1) (avg:0)
/obj/item/reagent_containers/blood/APlus => 0ms (1) (avg:0)
/obj/structure/closet/secure_closet/CMO => 0ms (1) (avg:0)
/obj/item/defibrillator/compact/loaded => 0ms (1) (avg:0)
/obj/item/organ/cyberimp/eyes/hud/medical => 0ms (1) (avg:0)
/obj/item/reagent_containers/glass/bottle/vial/large/preloaded/CMO => 0ms (1) (avg:0)
/obj/item/reagent_containers/glass/bottle/vial/large/preloaded/tricord => 0ms (1) (avg:0)
/obj/item/reagent_containers/glass/bottle/vial/large/preloaded/charcoal => 0ms (1) (avg:0)
/obj/item/reagent_containers/glass/bottle/vial/large/preloaded/salglu => 0ms (1) (avg:0)
/obj/item/reagent_containers/glass/bottle/vial/large/preloaded/dexalin => 0ms (1) (avg:0)
/obj/item/reagent_containers/glass/bottle/vial/large/preloaded/synthflesh => 0ms (1) (avg:0)
/obj/item/stack/ore/silver => 0ms (1) (avg:0)
/obj/item/reagent_containers/glass/bottle/cold => 0ms (1) (avg:0)
/obj/item/reagent_containers/glass/bottle/flu_virion => 0ms (1) (avg:0)
/obj/item/reagent_containers/glass/bottle/plasma => 0ms (1) (avg:0)
/obj/item/reagent_containers/glass/bottle/synaptizine => 0ms (1) (avg:0)
/obj/item/reagent_containers/glass/bottle/formaldehyde => 0ms (1) (avg:0)
/obj/structure/closet/secure_closet/security/engine => 0ms (1) (avg:0)
/obj/structure/closet/l3closet/virology => 0ms (1) (avg:0)
/turf/open/floor/plasteel/dark/telecomms => 0ms (1) (avg:0)
/obj/structure/closet/secure_closet/freezer/kitchen/maintenance => 0ms (1) (avg:0)
/obj/item/clothing/under/maid => 0ms (1) (avg:0)
/obj/structure/closet/secure_closet/engineering_chief => 0ms (1) (avg:0)
/obj/structure/closet/secure_closet/engineering_electrical => 0ms (1) (avg:0)
/obj/structure/closet/secure_closet/engineering_welding => 0ms (1) (avg:0)
/obj/machinery/airalarm/engine => 0ms (1) (avg:0)
/obj/structure/closet/wardrobe/engineering_yellow => 0ms (1) (avg:0)
/obj/structure/reflector/double/anchored => 0ms (1) (avg:0)
/obj/structure/necropolis_gate/locked => 0ms (1) (avg:0)
/obj/structure/necropolis_gate/legion_gate => 0ms (1) (avg:0)
/obj/structure/necropolis_arch => 0ms (1) (avg:0)
/obj/item/construction/rcd/loaded => 0ms (1) (avg:0)
/obj/structure/necropolis_gate => 0ms (1) (avg:0)
/obj/item/reagent_containers/glass/bottle/aluminium => 0ms (1) (avg:0)
/obj/item/reagent_containers/glass/bottle/bromine => 0ms (1) (avg:0)
/obj/item/reagent_containers/glass/bottle/sugar => 0ms (1) (avg:0)
/obj/item/reagent_containers/glass/bottle/sulfur => 0ms (1) (avg:0)
/obj/item/reagent_containers/glass/bottle/carbon => 0ms (1) (avg:0)
/obj/item/reagent_containers/glass/bottle/chlorine => 0ms (1) (avg:0)
/obj/item/reagent_containers/glass/bottle/mercury => 0ms (1) (avg:0)
/obj/item/reagent_containers/glass/bottle/nitrogen => 0ms (1) (avg:0)
/obj/item/reagent_containers/glass/bottle/oxygen => 0ms (1) (avg:0)
/obj/item/reagent_containers/glass/bottle/phosphorus => 0ms (1) (avg:0)
/obj/item/reagent_containers/glass/bottle/silver => 0ms (1) (avg:0)
/obj/item/reagent_containers/glass/bottle/sodium => 0ms (1) (avg:0)
/obj/item/reagent_containers/glass/bottle/copper => 0ms (1) (avg:0)
/obj/item/reagent_containers/glass/bottle/ethanol => 0ms (1) (avg:0)
/obj/item/reagent_containers/glass/bottle/fluorine => 0ms (1) (avg:0)
/obj/item/reagent_containers/glass/bottle/hydrogen => 0ms (1) (avg:0)
/obj/item/reagent_containers/glass/bottle/water => 0ms (1) (avg:0)
/obj/item/reagent_containers/glass/bottle/iodine => 0ms (1) (avg:0)
/obj/item/reagent_containers/glass/bottle/iron => 0ms (1) (avg:0)
/obj/item/reagent_containers/glass/bottle/lithium => 0ms (1) (avg:0)
/obj/item/reagent_containers/glass/bottle/potassium => 0ms (1) (avg:0)
/obj/item/reagent_containers/glass/bottle/radium => 0ms (1) (avg:0)
/obj/item/reagent_containers/glass/bottle/welding_fuel => 0ms (1) (avg:0)
/obj/item/reagent_containers/glass/bottle/sacid => 0ms (1) (avg:0)
/obj/item/reagent_containers/glass/bottle/silicon => 0ms (1) (avg:0)
/obj/item/gun/energy/e_gun/old => 0ms (1) (avg:0)
/obj/item/stack/ore/bluespace_crystal => 0ms (1) (avg:0)
/obj/item/gun/energy/laser/scatter/shotty => 0ms (1) (avg:0)
/obj/structure/closet/secure_closet/freezer/kitchen/mining => 0ms (1) (avg:0)
/obj/item/reagent_containers/syringe/lethal/choral => 0ms (1) (avg:0)
/obj/item/reagent_containers/glass/bottle/chloralhydrate => 0ms (1) (avg:0)
/obj/item/reagent_containers/glass/bottle/facid => 0ms (1) (avg:0)
/obj/item/storage/box/medipens => 0ms (1) (avg:0)
/obj/machinery/power/generator => 0ms (1) (avg:0)
/obj/item/folder/syndicate/mining => 0ms (1) (avg:0)
/obj/machinery/computer/prototype_cloning => 0ms (1) (avg:0)
/obj/item/stock_parts/cell/pumpaction => 0ms (1) (avg:0)
/area/space => 0ms (1) (avg:0)
/area/awaymission/errorroom => 0ms (1) (avg:0)
/area/abductor_ship => 0ms (1) (avg:0)
/area/fabric_of_reality => 0ms (1) (avg:0)
/area/ai_multicam_room => 0ms (1) (avg:0)
/area/tdome/arena => 0ms (1) (avg:0)
/area/centcom/supplypod => 0ms (1) (avg:0)
/area/centcom/supplypod/podStorage => 0ms (1) (avg:0)
/area/centcom/supplypod/loading/three => 0ms (1) (avg:0)
/area/centcom/supplypod/loading/four => 0ms (1) (avg:0)
/area/centcom/supplypod/loading/one => 0ms (1) (avg:0)
/area/centcom/supplypod/loading/two => 0ms (1) (avg:0)
/area/syndicate_mothership => 0ms (1) (avg:0)
/area/ctf => 0ms (1) (avg:0)
/area/start => 0ms (1) (avg:0)
/area/tdome/arena_source => 0ms (1) (avg:0)
/area/holodeck/rec_center/refuel => 0ms (1) (avg:0)
/area/holodeck/rec_center/spacechess => 0ms (1) (avg:0)
/area/holodeck/rec_center/thunderdome1218 => 0ms (1) (avg:0)
/area/holodeck/rec_center/kobayashi => 0ms (1) (avg:0)
/area/holodeck/rec_center/chapelcourt => 0ms (1) (avg:0)
/area/holodeck/rec_center/school => 0ms (1) (avg:0)
/area/holodeck/rec_center/firingrange => 0ms (1) (avg:0)
/area/holodeck/rec_center/anthophila => 0ms (1) (avg:0)
/area/holodeck/rec_center/pet_lounge => 0ms (1) (avg:0)
/area/holodeck/rec_center/medical => 0ms (1) (avg:0)
/area/holodeck/rec_center/basketball => 0ms (1) (avg:0)
/area/holodeck/rec_center/beach => 0ms (1) (avg:0)
/area/holodeck/rec_center/thunderdome => 0ms (1) (avg:0)
/area/holodeck/rec_center/dodgeball => 0ms (1) (avg:0)
/area/holodeck/rec_center/winterwonderland => 0ms (1) (avg:0)
/area/holodeck/rec_center/bunker => 0ms (1) (avg:0)
/area/holodeck/rec_center/lounge => 0ms (1) (avg:0)
/area/holodeck/rec_center/wildlife => 0ms (1) (avg:0)
/area/holodeck/rec_center/offline => 0ms (1) (avg:0)
/area/holodeck/rec_center/burn => 0ms (1) (avg:0)
/area/holodeck/rec_center/court => 0ms (1) (avg:0)
/area/space/nearstation => 0ms (1) (avg:0)
/area/solar/port/fore => 0ms (1) (avg:0)
/area/solar/starboard/fore => 0ms (1) (avg:0)
/area/holodeck/rec_center => 0ms (1) (avg:0)
/area/solar/port/aft => 0ms (1) (avg:0)
/area/solar/starboard/aft => 0ms (1) (avg:0)
/obj/item/gps/internal/bubblegum => 0ms (1) (avg:0)
/obj/item/paper/monitorkey => 0ms (1) (avg:0)
/obj/machinery/atmospherics/components/trinary/mixer => 0ms (1) (avg:0)
/obj/machinery/atmospherics/components/trinary/mixer/flipped => 0ms (1) (avg:0)
/obj/machinery/atmospherics/components/trinary/filter/atmos/n2o => 0ms (1) (avg:0)
/obj/machinery/atmospherics/components/trinary/filter/atmos/plasma => 0ms (1) (avg:0)
/obj/machinery/atmospherics/components/trinary/mixer/airmix => 0ms (1) (avg:0)
/obj/machinery/atmospherics/components/trinary/filter/atmos/co2 => 0ms (1) (avg:0)
/obj/machinery/atmospherics/pipe/manifold/cyan/hidden => 0ms (1) (avg:0)
/obj/machinery/atmospherics/pipe/manifold/general/hidden => 0ms (1) (avg:0)
/obj/machinery/atmospherics/pipe/manifold/orange/visible => 0ms (1) (avg:0)
/obj/machinery/atmospherics/components/unary/outlet_injector/atmos/engine_waste => 0ms (1) (avg:0)
/obj/structure/falsewall => 0ms (1) (avg:0)
/turf/closed/mineral/gibtonite => 0ms (1) (avg:0)
/obj/machinery/computer/shuttle/syndicate/drop_pod => 0ms (1) (avg:0)
/obj/structure/closet/syndicate/nuclear => 0ms (1) (avg:0)
/obj/item/pda/syndicate => 0ms (1) (avg:0)
/obj/machinery/computer/med_data/syndie => 0ms (1) (avg:0)
/obj/machinery/computer/crew/syndie => 0ms (1) (avg:0)
/obj/machinery/computer/camera_advanced/shuttle_docker/syndicate => 0ms (1) (avg:0)
/obj/machinery/computer/shuttle/syndicate => 0ms (1) (avg:0)
/obj/machinery/computer/camera_advanced/syndie => 0ms (1) (avg:0)
/obj/machinery/computer/secure_data/syndie => 0ms (1) (avg:0)
/obj/machinery/computer/shuttle/ferry/request => 0ms (1) (avg:0)
/obj/screen/zone_sel => 0ms (1) (avg:0)
/area/shuttle/transit => 0ms (1) (avg:0)
/obj/item/book/manual/wiki/medical_cloning => 0ms (1) (avg:0)
/obj/item/clothing/under/rank/chief_medical_officer => 0ms (1) (avg:0)
/obj/item/clothing/suit/toggle/labcoat/cmo => 0ms (1) (avg:0)
/obj/item/clothing/shoes/sneakers/brown => 0ms (1) (avg:0)
/obj/item/stack/ore/glass => 0ms (1) (avg:0)
