[2019-12-04 04:56:34.968] Starting up round ID .
 - -------------------------
[2019-12-04 04:56:34.972] Running /tg/ revision: 2019-12-04
 - origin/master: 95e35dc714ec059af1ba4f6355f717d810b87fa6
 - HEAD: 2cbcd7d49519db45ac762495b8c325f79919db0e
[2019-12-04 04:56:36.096] Initialized Title Screen subsystem within 0 seconds!
[2019-12-04 04:56:36.099] Initialized Database subsystem within 0 seconds!
[2019-12-04 04:56:36.102] Initialized Blackbox subsystem within 0 seconds!
[2019-12-04 04:56:36.104] Initialized Server Tasks subsystem within 0 seconds!
[2019-12-04 04:56:36.106] Initialized Input subsystem within 0 seconds!
[2019-12-04 04:56:36.108] Initialized Vis contents overlays subsystem within 0 seconds!
[2019-12-04 04:56:36.129] Initialized Research subsystem within 0 seconds!
[2019-12-04 04:56:36.135] Initialized Events subsystem within 0 seconds!
[2019-12-04 04:56:36.141] Initialized Jobs subsystem within 0 seconds!
[2019-12-04 04:56:36.143] Initialized Quirks subsystem within 0 seconds!
[2019-12-04 04:56:36.153] Initialized Ticker subsystem within 0 seconds!
[2019-12-04 04:56:36.156] Loading Box Station...
[2019-12-04 04:56:41.365] Loaded Station in 5.2s!
[2019-12-04 04:56:42.518] Loaded Lavaland in 1.1s!
[2019-12-04 04:56:43.438] Ruin loader finished with 0 left to spend.
[2019-12-04 04:56:48.502] Failed to place Syndicate Ambush ruin.
[2019-12-04 04:56:48.721] Ruin loader finished with 0 left to spend.
[2019-12-04 04:56:48.960] Initialized Mapping subsystem within 12.8 seconds!
[2019-12-04 04:56:48.964] Initialized Networks subsystem within 0 seconds!
[2019-12-04 04:56:52.696] ### MAP WARNING, the airlock cyclelink helper at Brig (119, 168, 2) tried to set Brig cyclelinkeddir, but it's already set!
[2019-12-04 04:56:52.738] ### MAP WARNING, the airlock cyclelink helper at Brig (119, 165, 2) tried to set Brig cyclelinkeddir, but it's already set!
[2019-12-04 04:57:07.080] Initialized Atoms subsystem within 18.1 seconds!
[2019-12-04 04:57:07.130] Initialized Language subsystem within 0 seconds!
[2019-12-04 04:57:07.284] Initialized Machines subsystem within 0.1 seconds!
[2019-12-04 04:57:07.321] Initialized Circuit subsystem within 0.1 seconds!
[2019-12-04 04:57:07.324] Initialized Disease subsystem within 0 seconds!
[2019-12-04 04:57:07.325] Initialized Jukeboxes subsystem within 0 seconds!
[2019-12-04 04:57:07.328] Initialized Medals subsystem within 0 seconds!
[2019-12-04 04:57:07.329] Initialized Processing subsystem within 0 seconds!
[2019-12-04 04:57:07.330] Initialized Night Shift subsystem within 0 seconds!
[2019-12-04 04:57:07.332] Initialized Parallax subsystem within 0 seconds!
[2019-12-04 04:57:07.526] Initialized Traumas subsystem within 0.2 seconds!
[2019-12-04 04:57:07.528] Initialized Weather subsystem within 0 seconds!
[2019-12-04 04:57:09.561] ## WARNING: There are 83 active turfs at roundstart, this is a mapping error caused by a difference of the air between the adjacent turfs. You can see its coordinates using "Mapping -> Show roundstart AT list" verb (debug verbs required)
[2019-12-04 04:57:10.236] ## WARNING: HEY! LISTEN! 0.7 seconds were wasted processing 83 turf(s) (connected to 20941 other turfs) with atmos differences at round start.
[2019-12-04 04:57:10.470] ## WARNING: build_pipeline(): /obj/machinery/atmospherics/pipe/manifold/scrubbers/hidden added to a pipenet while still having one. (pipes leading to the same spot stacking in one turf) Nearby: (159, 121, 2)
[2019-12-04 04:57:10.472] ## WARNING: build_pipeline(): /obj/machinery/atmospherics/pipe/simple/scrubbers/hidden added to a pipenet while still having one. (pipes leading to the same spot stacking in one turf) Nearby: (157, 121, 2)
[2019-12-04 04:57:10.473] ## WARNING: build_pipeline(): /obj/machinery/atmospherics/pipe/simple/scrubbers/hidden added to a pipenet while still having one. (pipes leading to the same spot stacking in one turf) Nearby: (160, 121, 2)
[2019-12-04 04:57:10.474] ## WARNING: build_pipeline(): /obj/machinery/atmospherics/pipe/simple/scrubbers/hidden added to a pipenet while still having one. (pipes leading to the same spot stacking in one turf) Nearby: (158, 121, 2)
[2019-12-04 04:57:10.476] ## WARNING: build_pipeline(): /obj/machinery/atmospherics/pipe/simple/scrubbers/hidden added to a pipenet while still having one. (pipes leading to the same spot stacking in one turf) Nearby: (156, 121, 2)
[2019-12-04 04:57:10.477] ## WARNING: build_pipeline(): /obj/machinery/atmospherics/pipe/simple/scrubbers/hidden added to a pipenet while still having one. (pipes leading to the same spot stacking in one turf) Nearby: (161, 121, 2)
[2019-12-04 04:57:10.478] ## WARNING: build_pipeline(): /obj/machinery/atmospherics/pipe/simple/scrubbers/hidden added to a pipenet while still having one. (pipes leading to the same spot stacking in one turf) Nearby: (155, 121, 2)
[2019-12-04 04:57:10.480] ## WARNING: build_pipeline(): /obj/machinery/atmospherics/pipe/simple/scrubbers/hidden added to a pipenet while still having one. (pipes leading to the same spot stacking in one turf) Nearby: (162, 121, 2)
[2019-12-04 04:57:10.482] ## WARNING: build_pipeline(): /obj/machinery/atmospherics/pipe/simple/scrubbers/hidden added to a pipenet while still having one. (pipes leading to the same spot stacking in one turf) Nearby: (154, 121, 2)
[2019-12-04 04:57:10.485] ## WARNING: build_pipeline(): /obj/machinery/atmospherics/pipe/simple/scrubbers/hidden added to a pipenet while still having one. (pipes leading to the same spot stacking in one turf) Nearby: (163, 121, 2)
[2019-12-04 04:57:10.487] ## WARNING: build_pipeline(): further messages about pipenets will be suppressed
[2019-12-04 04:57:10.510] Initialized Atmospherics subsystem within 3 seconds!
[2019-12-04 04:57:10.512] Initialized Atmospherics - Turfs subsystem within 0 seconds!
[2019-12-04 04:57:12.464] Initialized Assets subsystem within 1.9 seconds!
[2019-12-04 04:57:15.705] Initialized Icon Smoothing subsystem within 3.3 seconds!
[2019-12-04 04:57:16.304] Initialized Overlay subsystem within 0.6 seconds!
[2019-12-04 04:57:16.305] Initialized XKeyScore subsystem within 0 seconds!
[2019-12-04 04:57:16.308] Initialized Sticky Ban subsystem within 0 seconds!
[2019-12-04 04:57:22.552] Initialized Lighting subsystem within 6.2 seconds!
[2019-12-04 04:57:24.145] Initialized Shuttle subsystem within 1.6 seconds!
[2019-12-04 04:57:24.190] Initialized Minor Mapping subsystem within 0 seconds!
[2019-12-04 04:57:24.193] Initialized Pathfinder subsystem within 0 seconds!
[2019-12-04 04:57:24.230] Initialized Persistence subsystem within 0.1 seconds!
[2019-12-04 04:57:24.248] Initializations complete within 48.2 seconds!
[2019-12-04 04:57:26.626] Game start took 0.8s
[2019-12-04 05:12:34.529] Shutting down Persistence subsystem...
[2019-12-04 05:12:34.531] Shutting down Pathfinder subsystem...
[2019-12-04 05:12:34.533] Shutting down Minor Mapping subsystem...
[2019-12-04 05:12:34.535] Shutting down Shuttle subsystem...
[2019-12-04 05:12:34.537] Shutting down Lighting subsystem...
[2019-12-04 05:12:34.541] Shutting down XKeyScore subsystem...
[2019-12-04 05:12:34.542] Shutting down Sticky Ban subsystem...
[2019-12-04 05:12:34.544] Shutting down Overlay subsystem...
[2019-12-04 05:12:34.569] Shutting down Icon Smoothing subsystem...
[2019-12-04 05:12:34.572] Shutting down Assets subsystem...
[2019-12-04 05:12:34.574] Shutting down Atmospherics - Turfs subsystem...
[2019-12-04 05:12:34.576] Shutting down Atmospherics subsystem...
[2019-12-04 05:12:34.578] Shutting down Wet floors subsystem...
[2019-12-04 05:12:34.579] Shutting down Weather subsystem...
[2019-12-04 05:12:34.581] Shutting down Vote subsystem...
[2019-12-04 05:12:34.583] Shutting down Traumas subsystem...
[2019-12-04 05:12:34.586] Shutting down Time Tracking subsystem...
[2019-12-04 05:12:34.590] Shutting down Throwing subsystem...
[2019-12-04 05:12:34.591] Shutting down tgui subsystem...
[2019-12-04 05:12:34.593] Shutting down Sun subsystem...
[2019-12-04 05:12:34.595] Shutting down Space Drift subsystem...
[2019-12-04 05:12:34.596] Shutting down Radio subsystem...
[2019-12-04 05:12:34.598] Shutting down Radiation subsystem...
[2019-12-04 05:12:34.599] Shutting down Projectiles subsystem...
[2019-12-04 05:12:34.601] Shutting down Processing subsystem...
[2019-12-04 05:12:34.602] Shutting down Processing subsystem...
[2019-12-04 05:12:34.604] Shutting down Ping subsystem...
[2019-12-04 05:12:34.607] Shutting down Parallax subsystem...
[2019-12-04 05:12:34.608] Shutting down pAI subsystem...
[2019-12-04 05:12:34.610] Shutting down Objects subsystem...
[2019-12-04 05:12:34.612] Shutting down NPC Pool subsystem...
[2019-12-04 05:12:34.614] Shutting down Night Shift subsystem...
[2019-12-04 05:12:34.615] Shutting down Nanites subsystem...
[2019-12-04 05:12:34.617] Shutting down Mood subsystem...
[2019-12-04 05:12:34.619] Shutting down Mobs subsystem...
[2019-12-04 05:12:34.621] Shutting down Medals subsystem...
[2019-12-04 05:12:34.623] Shutting down Jukeboxes subsystem...
[2019-12-04 05:12:34.626] Shutting down Idling NPC Pool subsystem...
[2019-12-04 05:12:34.627] Shutting down Fire Burning subsystem...
[2019-12-04 05:12:34.629] Shutting down Fields subsystem...
[2019-12-04 05:12:34.630] Shutting down Fast Processing subsystem...
[2019-12-04 05:12:34.632] Shutting down Disease subsystem...
[2019-12-04 05:12:34.633] Shutting down Datum Component System subsystem...
[2019-12-04 05:12:34.635] Shutting down Communications subsystem...
[2019-12-04 05:12:34.637] Shutting down Bellies subsystem...
[2019-12-04 05:12:34.640] Shutting down Augury subsystem...
[2019-12-04 05:12:34.641] Shutting down Acid subsystem...
[2019-12-04 05:12:34.643] Shutting down Timer subsystem...
[2019-12-04 05:12:34.645] Shutting down Circuit subsystem...
[2019-12-04 05:12:34.646] Shutting down Machines subsystem...
[2019-12-04 05:12:34.648] Shutting down Language subsystem...
[2019-12-04 05:12:34.650] Shutting down Atoms subsystem...
[2019-12-04 05:12:34.747] Shutting down Networks subsystem...
[2019-12-04 05:12:34.750] Shutting down Mapping subsystem...
[2019-12-04 05:12:34.751] Shutting down Ticker subsystem...
[2019-12-04 05:12:34.753] Shutting down Quirks subsystem...
[2019-12-04 05:12:34.757] Shutting down Jobs subsystem...
[2019-12-04 05:12:34.758] Shutting down Events subsystem...
[2019-12-04 05:12:34.761] Shutting down Research subsystem...
[2019-12-04 05:12:34.762] Shutting down Vis contents overlays subsystem...
[2019-12-04 05:12:34.763] Shutting down Input subsystem...
[2019-12-04 05:12:34.766] Shutting down Server Tasks subsystem...
[2019-12-04 05:12:34.767] Shutting down Blackbox subsystem...
[2019-12-04 05:12:34.769] Shutting down Database subsystem...
[2019-12-04 05:12:34.770] Shutting down Garbage subsystem...
[2019-12-04 05:12:34.861] Shutting down Title Screen subsystem...
[2019-12-04 05:12:34.863] Shutdown complete
[2019-12-04 05:12:34.865] World rebooted at 00:12:34
