Path : /mob/dview 
- Didn't call atom/Initialize()
Path : /obj/item/clothing/mask/breath 
- Didn't return an Initialize hint
Path : /obj/item/clothing/mask/cigarette/cigar/cohiba 
- Didn't return an Initialize hint
Path : /obj/item/clothing/mask/cigarette/cigar/havana 
- Didn't return an Initialize hint
Path : /obj/item/clothing/mask/cigarette/cigar 
- Didn't return an Initialize hint
Path : /obj/item/clothing/under/color/red 
- Didn't return an Initialize hint
Path : /obj/item/clothing/shoes/sneakers/brown 
- Didn't return an Initialize hint
Path : /obj/item/clothing/suit/armor/vest 
- Didn't return an Initialize hint
Path : /obj/item/clothing/head/helmet/swat 
- Didn't return an Initialize hint
Path : /obj/item/clothing/under/color/green 
- Didn't return an Initialize hint
Path : /obj/item/clothing/under/jabroni 
- Didn't return an Initialize hint
Path : /obj/item/clothing/under/geisha 
- Didn't return an Initialize hint
Path : /obj/item/clothing/under/kilt 
- Didn't return an Initialize hint
Path : /obj/item/clothing/under/roman 
- Didn't return an Initialize hint
Path : /obj/item/clothing/suit/armor/tdome/red 
- Didn't return an Initialize hint
Path : /obj/item/clothing/head/helmet/thunderdome 
- Didn't return an Initialize hint
Path : /obj/item/clothing/suit/armor/tdome/green 
- Didn't return an Initialize hint
Path : /obj/item/clothing/mask/surgical 
- Didn't return an Initialize hint
Path : /obj/item/clothing/under/plasmaman 
- Didn't return an Initialize hint
Path : /obj/item/clothing/head/helmet/space/plasmaman 
- Didn't return an Initialize hint
Path : /obj/item/clothing/head/chefhat 
- Didn't return an Initialize hint
Path : /obj/item/clothing/suit/apron/chef 
- Didn't return an Initialize hint
Path : /obj/item/clothing/accessory/medal/gold 
- Didn't return an Initialize hint
Path : /obj/item/clothing/accessory/medal 
- Didn't return an Initialize hint
Path : /obj/structure/closet/secure_closet/freezer/meat 
- Didn't return an Initialize hint
Path : /obj/structure/closet/secure_closet/freezer/fridge 
- Didn't return an Initialize hint
Path : /obj/structure/closet/secure_closet/freezer/kitchen 
- Didn't return an Initialize hint
Path : /obj/item/clothing/accessory/lawyers_badge 
- Didn't return an Initialize hint
Path : /obj/item/clothing/accessory/medal/silver 
- Didn't return an Initialize hint
Path : /obj/item/clothing/under/waiter 
- Didn't return an Initialize hint
Path : /obj/item/clothing/accessory/waistcoat 
- Didn't return an Initialize hint
Path : /obj/item/clothing/head/soft/mime 
- Didn't return an Initialize hint
Path : /obj/item/clothing/suit/toggle/chef 
- Didn't return an Initialize hint
Path : /obj/item/clothing/under/rank/chef 
- Didn't return an Initialize hint
Path : /obj/item/clothing/suit/wizrobe/black 
- Didn't return an Initialize hint
Path : /obj/item/clothing/head/wizard/black 
- Didn't return an Initialize hint
Path : /obj/item/clothing/head/helmet/sec 
- Didn't return an Initialize hint
Path : /obj/item/clothing/glasses/hud/security/sunglasses 
- Didn't return an Initialize hint
Path : /obj/item/clothing/head/helmet/swat/nanotrasen 
- Didn't return an Initialize hint
Path : /obj/item/clothing/under/syndicate 
- Didn't return an Initialize hint
Path : /obj/item/clothing/under/syndicate/skirt 
- Didn't return an Initialize hint
Path : /obj/item/clothing/shoes/sneakers/black 
- Didn't return an Initialize hint
Path : /obj/item/clothing/glasses/night 
- Didn't return an Initialize hint
Path : /obj/item/clothing/mask/gas 
- Didn't return an Initialize hint
Path : /obj/item/clothing/shoes/sandal/marisa 
- Didn't return an Initialize hint
Path : /obj/item/clothing/suit/wizrobe/marisa 
- Didn't return an Initialize hint
Path : /obj/item/clothing/head/wizard/marisa 
- Didn't return an Initialize hint
Path : /obj/item/clothing/suit/wizrobe/red 
- Didn't return an Initialize hint
Path : /obj/item/clothing/head/wizard/red 
- Didn't return an Initialize hint
Path : /obj/item/clothing/shoes/sandal/magic 
- Didn't return an Initialize hint
Path : /obj/item/clothing/gloves/color/latex 
- Didn't return an Initialize hint
Path : /obj/item/clothing/suit/wizrobe/magusblue 
- Didn't return an Initialize hint
Path : /obj/item/clothing/head/wizard/magus 
- Didn't return an Initialize hint
Path : /obj/item/clothing/suit/wizrobe/magusred 
- Didn't return an Initialize hint
Path : /obj/item/clothing/shoes/magboots 
- Didn't return an Initialize hint
Path : /obj/item/clothing/ears/earmuffs 
- Didn't return an Initialize hint
Path : /obj/item/clothing/head/helmet/space/hardsuit/deathsquad 
- Didn't return an Initialize hint
Path : /obj/item/clothing/suit/space/hardsuit/deathsquad 
- Didn't return an Initialize hint
Path : /obj/item/clothing/gloves/combat 
- Didn't return an Initialize hint
Path : /obj/item/clothing/shoes/combat/swat 
- Didn't return an Initialize hint
Path : /obj/item/clothing/mask/gas/sechailer/swat 
- Didn't return an Initialize hint
Path : /obj/item/clothing/accessory/medal/gold/captain 
- Didn't return an Initialize hint
Path : /obj/item/clothing/accessory/medal/silver/valor 
- Didn't return an Initialize hint
Path : /obj/item/clothing/accessory/medal/silver/security 
- Didn't return an Initialize hint
Path : /obj/item/clothing/accessory/medal/bronze_heart 
- Didn't return an Initialize hint
Path : /obj/item/clothing/accessory/medal/plasma/nobel_science 
- Didn't return an Initialize hint
Path : /obj/item/clothing/accessory/medal/conduct 
- Didn't return an Initialize hint
Path : /obj/item/clothing/under/rank/curator/treasure_hunter 
- Didn't return an Initialize hint
Path : /obj/item/clothing/under/skirt/black 
- Didn't return an Initialize hint
Path : /obj/item/clothing/under/shorts/black 
- Didn't return an Initialize hint
Path : /obj/item/clothing/under/pants/track 
- Didn't return an Initialize hint
Path : /obj/item/clothing/accessory/armband/deputy 
- Didn't return an Initialize hint
Path : /obj/item/clothing/shoes/jackboots 
- Didn't return an Initialize hint
Path : /obj/item/clothing/shoes/laceup 
- Didn't return an Initialize hint
Path : /obj/item/clothing/neck/stripedredscarf 
- Didn't return an Initialize hint
Path : /obj/item/clothing/neck/tie/red 
- Didn't return an Initialize hint
Path : /obj/item/clothing/head/helmet/space/beret 
- Didn't return an Initialize hint
Path : /obj/item/clothing/suit/curator 
- Didn't return an Initialize hint
Path : /obj/item/clothing/suit/space/officer 
- Didn't return an Initialize hint
Path : /obj/item/clothing/gloves/fingerless 
- Didn't return an Initialize hint
Path : /obj/item/clothing/gloves/color/black 
- Didn't return an Initialize hint
Path : /obj/item/clothing/glasses/eyepatch 
- Didn't return an Initialize hint
Path : /obj/item/clothing/head/hooded/winterhood/cargo 
- Didn't return an Initialize hint
Path : /obj/item/clothing/suit/hooded/wintercoat/cargo 
- Didn't return an Initialize hint
Path : /obj/item/clothing/under/rank/cargotech 
- Didn't return an Initialize hint
Path : /obj/item/clothing/head/soft 
- Didn't return an Initialize hint
Path : /obj/item/clothing/neck/cloak/qm 
- Didn't return an Initialize hint
Path : /obj/item/clothing/head/beret/qm 
- Didn't return an Initialize hint
Path : /obj/item/clothing/accessory/medal/ribbon/cargo 
- Didn't return an Initialize hint
Path : /obj/item/clothing/under/rank/cargo 
- Didn't return an Initialize hint
Path : /obj/item/clothing/under/rank/cargo/skirt 
- Didn't return an Initialize hint
Path : /obj/item/clothing/suit/fire/firefighter 
- Didn't return an Initialize hint
Path : /obj/item/clothing/head/hooded/winterhood/qm 
- Didn't return an Initialize hint
Path : /obj/item/clothing/suit/hooded/wintercoat/qm 
- Didn't return an Initialize hint
Path : /obj/item/clothing/suit/judgerobe 
- Didn't return an Initialize hint
Path : /obj/item/clothing/head/powdered_wig 
- Didn't return an Initialize hint
Path : /obj/item/clothing/under/lawyer/female 
- Didn't return an Initialize hint
Path : /obj/item/clothing/under/lawyer/black 
- Didn't return an Initialize hint
Path : /obj/item/clothing/under/lawyer/red 
- Didn't return an Initialize hint
Path : /obj/item/clothing/under/lawyer/bluesuit 
- Didn't return an Initialize hint
Path : /obj/item/clothing/suit/toggle/lawyer 
- Didn't return an Initialize hint
Path : /obj/item/clothing/under/lawyer/purpsuit 
- Didn't return an Initialize hint
Path : /obj/item/clothing/suit/toggle/lawyer/purple 
- Didn't return an Initialize hint
Path : /obj/item/clothing/under/lawyer/blacksuit 
- Didn't return an Initialize hint
Path : /obj/item/clothing/suit/toggle/lawyer/black 
- Didn't return an Initialize hint
Path : /obj/item/clothing/under/trek/medsci 
- Didn't return an Initialize hint
Path : /obj/item/clothing/under/trek/command 
- Didn't return an Initialize hint
Path : /obj/item/clothing/under/trek/engsec 
- Didn't return an Initialize hint
Path : /obj/item/clothing/under/schoolgirl/green 
- Didn't return an Initialize hint
Path : /obj/item/clothing/under/schoolgirl 
- Didn't return an Initialize hint
Path : /obj/item/clothing/under/schoolgirl/orange 
- Didn't return an Initialize hint
Path : /obj/item/clothing/under/schoolgirl/red 
- Didn't return an Initialize hint
Path : /obj/item/clothing/suit/armor/riot/knight/blue 
- Didn't return an Initialize hint
Path : /obj/item/clothing/head/helmet/knight/blue 
- Didn't return an Initialize hint
Path : /obj/item/clothing/head/crown/fancy 
- Didn't return an Initialize hint
Path : /obj/item/clothing/suit/armor/riot/knight/red 
- Didn't return an Initialize hint
Path : /obj/item/clothing/head/helmet/knight/red 
- Didn't return an Initialize hint
Path : /obj/item/clothing/suit/nun 
- Didn't return an Initialize hint
Path : /obj/item/clothing/head/nun_hood 
- Didn't return an Initialize hint
Path : /obj/item/clothing/suit/holidaypriest 
- Didn't return an Initialize hint
Path : /obj/item/clothing/suit/beekeeper_suit 
- Didn't return an Initialize hint
Path : /obj/item/clothing/under/color/white 
- Didn't return an Initialize hint
Path : /obj/item/clothing/under/skirt/color/white 
- Didn't return an Initialize hint
Path : /obj/item/clothing/shoes/sneakers/white 
- Didn't return an Initialize hint
Path : /obj/item/clothing/head/beekeeper_head 
- Didn't return an Initialize hint
Path : /obj/item/clothing/under/color/rainbow 
- Didn't return an Initialize hint
Path : /obj/item/clothing/glasses/sunglasses 
- Didn't return an Initialize hint
Path : /obj/item/clothing/gloves/color/latex/nitrile 
- Didn't return an Initialize hint
Path : /obj/item/clothing/suit/apron/surgical 
- Didn't return an Initialize hint
Path : /obj/item/clothing/mask/cigarette/pipe 
- Didn't return an Initialize hint
Path : /obj/item/clothing/suit/bomb_suit 
- Didn't return an Initialize hint
Path : /obj/item/clothing/under/color/black 
- Didn't return an Initialize hint
Path : /obj/item/clothing/head/bomb_hood 
- Didn't return an Initialize hint
Path : /obj/item/clothing/suit/bomb_suit/security 
- Didn't return an Initialize hint
Path : /obj/item/clothing/under/rank/security 
- Didn't return an Initialize hint
Path : /obj/item/clothing/head/bomb_hood/security 
- Didn't return an Initialize hint
Path : /obj/item/clothing/suit/armor/bulletproof 
- Didn't return an Initialize hint
Path : /obj/item/clothing/head/helmet/alt 
- Didn't return an Initialize hint
Path : /obj/item/clothing/suit/armor/riot 
- Didn't return an Initialize hint
Path : /obj/item/clothing/head/helmet/riot 
- Didn't return an Initialize hint
Path : /obj/item/clothing/suit/armor/laserproof 
- Didn't return an Initialize hint
Path : /obj/item/clothing/suit/bio_suit/security 
- Didn't return an Initialize hint
Path : /obj/item/clothing/head/bio_hood/security 
- Didn't return an Initialize hint
Path : /obj/item/clothing/head/helmet/space/hardsuit/security/hos 
- Didn't return an Initialize hint
Path : /obj/item/clothing/suit/space/hardsuit/security/hos 
- Didn't return an Initialize hint
Path : /obj/item/clothing/mask/gas/sechailer 
- Didn't return an Initialize hint
Path : /obj/item/clothing/neck/cloak/hos 
- Didn't return an Initialize hint
Path : /obj/item/clothing/under/hosparadefem 
- Didn't return an Initialize hint
Path : /obj/item/clothing/under/hosparademale 
- Didn't return an Initialize hint
Path : /obj/item/clothing/suit/armor/vest/leather 
- Didn't return an Initialize hint
Path : /obj/item/clothing/suit/armor/hos 
- Didn't return an Initialize hint
Path : /obj/item/clothing/under/rank/head_of_security/skirt 
- Didn't return an Initialize hint
Path : /obj/item/clothing/under/rank/head_of_security/alt 
- Didn't return an Initialize hint
Path : /obj/item/clothing/under/rank/head_of_security/alt/skirt 
- Didn't return an Initialize hint
Path : /obj/item/clothing/head/HoS 
- Didn't return an Initialize hint
Path : /obj/item/clothing/glasses/hud/security/sunglasses/eyepatch 
- Didn't return an Initialize hint
Path : /obj/item/clothing/glasses/hud/security/sunglasses/gars/supergars 
- Didn't return an Initialize hint
Path : /obj/item/clothing/under/rank/head_of_security/grey 
- Didn't return an Initialize hint
Path : /obj/item/clothing/head/hooded/winterhood/hos 
- Didn't return an Initialize hint
Path : /obj/item/clothing/suit/hooded/wintercoat/hos 
- Didn't return an Initialize hint
Path : /obj/item/clothing/head/helmet/space/hardsuit/security 
- Didn't return an Initialize hint
Path : /obj/item/clothing/suit/space/hardsuit/security 
- Didn't return an Initialize hint
Path : /obj/item/clothing/suit/straight_jacket 
- Didn't return an Initialize hint
Path : /obj/item/clothing/under/rank/prisoner 
- Didn't return an Initialize hint
Path : /obj/item/clothing/under/rank/prisoner/skirt 
- Didn't return an Initialize hint
Path : /obj/item/clothing/shoes/sneakers/orange 
- Didn't return an Initialize hint
Path : /obj/item/clothing/head/helmet 
- Didn't return an Initialize hint
Path : /obj/item/clothing/suit/armor/vest/warden 
- Didn't return an Initialize hint
Path : /obj/item/clothing/head/warden 
- Didn't return an Initialize hint
Path : /obj/item/clothing/head/warden/drill 
- Didn't return an Initialize hint
Path : /obj/item/clothing/head/beret/sec/navywarden 
- Didn't return an Initialize hint
Path : /obj/item/clothing/suit/armor/vest/warden/alt 
- Didn't return an Initialize hint
Path : /obj/item/clothing/under/rank/warden/navyblue 
- Didn't return an Initialize hint
Path : /obj/item/clothing/under/rank/warden/skirt 
- Didn't return an Initialize hint
Path : /obj/item/clothing/gloves/krav_maga/sec 
- Didn't return an Initialize hint
Path : /obj/item/clothing/head/hardhat 
- Didn't return an Initialize hint
Path : /obj/item/clothing/suit/jacket 
- Didn't return an Initialize hint
Path : /obj/item/clothing/under/polychromic/jumpsuit 
- Didn't return an Initialize hint
Path : /obj/item/clothing/under/polychromic/shirt 
- Didn't return an Initialize hint
Path : /obj/item/clothing/under/polychromic/kilt 
- Didn't return an Initialize hint
Path : /obj/item/clothing/under/polychromic/skirt 
- Didn't return an Initialize hint
Path : /obj/item/clothing/under/polychromic/shorts 
- Didn't return an Initialize hint
Path : /obj/item/clothing/mask/bandana/red 
- Didn't return an Initialize hint
Path : /obj/item/clothing/mask/bandana/blue 
- Didn't return an Initialize hint
Path : /obj/item/clothing/mask/bandana/gold 
- Didn't return an Initialize hint
Path : /obj/item/clothing/head/hooded/winterhood 
- Didn't return an Initialize hint
Path : /obj/item/clothing/suit/hooded/wintercoat 
- Didn't return an Initialize hint
Path : /obj/item/clothing/shoes/winterboots 
- Didn't return an Initialize hint
Path : /obj/item/clothing/head/hardhat/red 
- Didn't return an Initialize hint
Path : /obj/item/clothing/glasses/meson 
- Didn't return an Initialize hint
Path : /obj/item/clothing/shoes/kindleKicks 
- Didn't return an Initialize hint
Path : /obj/item/clothing/under/shorts/purple 
- Didn't return an Initialize hint
Path : /obj/item/clothing/under/shorts/grey 
- Didn't return an Initialize hint
Path : /obj/item/clothing/under/shorts/red 
- Didn't return an Initialize hint
Path : /obj/item/clothing/under/shorts/blue 
- Didn't return an Initialize hint
Path : /obj/item/clothing/under/shorts/green 
- Didn't return an Initialize hint
Path : /obj/item/clothing/under/polychromic/shortpants 
- Didn't return an Initialize hint
Path : /obj/item/clothing/gloves/boxing/blue 
- Didn't return an Initialize hint
Path : /obj/item/clothing/gloves/boxing/green 
- Didn't return an Initialize hint
Path : /obj/item/clothing/gloves/boxing/yellow 
- Didn't return an Initialize hint
Path : /obj/item/clothing/gloves/boxing 
- Didn't return an Initialize hint
Path : /obj/item/clothing/mask/luchador 
- Didn't return an Initialize hint
Path : /obj/item/clothing/mask/luchador/rudos 
- Didn't return an Initialize hint
Path : /obj/item/clothing/mask/luchador/tecnicos 
- Didn't return an Initialize hint
Path : /obj/item/clothing/suit/bluetag 
- Didn't return an Initialize hint
Path : /obj/item/clothing/head/helmet/bluetaghelm 
- Didn't return an Initialize hint
Path : /obj/item/clothing/suit/redtag 
- Didn't return an Initialize hint
Path : /obj/item/clothing/head/helmet/redtaghelm 
- Didn't return an Initialize hint
Path : /obj/item/clothing/head/welding 
- Didn't return an Initialize hint
Path : /obj/item/clothing/glasses/regular 
- Didn't return an Initialize hint
Path : /obj/item/clothing/gloves/color/red 
- Didn't return an Initialize hint
Path : /obj/item/clothing/gloves/color/fyellow 
- Didn't return an Initialize hint
Path : /obj/item/clothing/mask/balaclava 
- Didn't return an Initialize hint
Path : /obj/item/clothing/head/hooded/flashsuit 
- Didn't return an Initialize hint
Path : /obj/item/clothing/suit/hooded/flashsuit 
- Didn't return an Initialize hint
Path : /obj/item/clothing/under/pj/red 
- Didn't return an Initialize hint
Path : /obj/item/clothing/under/pj/blue 
- Didn't return an Initialize hint
Path : /obj/item/clothing/under/rank/mailman 
- Didn't return an Initialize hint
Path : /obj/item/clothing/head/mailman 
- Didn't return an Initialize hint
Path : /obj/item/clothing/suit/hazardvest 
- Didn't return an Initialize hint
Path : /obj/item/clothing/head/that 
- Didn't return an Initialize hint
Path : /obj/item/clothing/suit/space/eva 
- Didn't return an Initialize hint
Path : /obj/item/clothing/head/helmet/space/eva 
- Didn't return an Initialize hint
Path : /obj/item/clothing/head/bearpelt 
- Didn't return an Initialize hint
Path : /obj/item/clothing/suit/bio_suit/scientist 
- Didn't return an Initialize hint
Path : /obj/item/clothing/head/bio_hood/scientist 
- Didn't return an Initialize hint
Path : /obj/structure/closet/secure_closet/freezer/cream_pie 
- Didn't return an Initialize hint
Path : /obj/item/clothing/under/burial 
- Didn't return an Initialize hint
Path : /obj/item/clothing/mask/cigarette/space_cigarette 
- Didn't return an Initialize hint
Path : /obj/item/clothing/under/suit_jacket/red 
- Didn't return an Initialize hint
Path : /obj/item/clothing/gloves/color/purple 
- Didn't return an Initialize hint
Path : /obj/item/clothing/under/skirt/color/green 
- Didn't return an Initialize hint
Path : /obj/item/clothing/mask/bandana/green 
- Didn't return an Initialize hint
Path : /obj/item/clothing/under/color/grey 
- Didn't return an Initialize hint
Path : /obj/item/clothing/under/skirt/color/grey 
- Didn't return an Initialize hint
Path : /obj/item/clothing/head/soft/grey 
- Didn't return an Initialize hint
Path : /obj/item/clothing/mask/bandana/black 
- Didn't return an Initialize hint
Path : /obj/item/clothing/accessory/pocketprotector 
- Didn't return an Initialize hint
Path : /obj/item/clothing/under/skirt/color/black 
- Didn't return an Initialize hint
Path : /obj/item/clothing/head/soft/black 
- Didn't return an Initialize hint
Path : /obj/item/clothing/under/rank/det 
- Didn't return an Initialize hint
Path : /obj/item/clothing/under/rank/det/skirt 
- Didn't return an Initialize hint
Path : /obj/item/clothing/suit/det_suit 
- Didn't return an Initialize hint
Path : /obj/item/clothing/head/fedora/det_hat 
- Didn't return an Initialize hint
Path : /obj/item/clothing/under/rank/det/grey 
- Didn't return an Initialize hint
Path : /obj/item/clothing/under/rank/det/grey/skirt 
- Didn't return an Initialize hint
Path : /obj/item/clothing/suit/det_suit/grey 
- Didn't return an Initialize hint
Path : /obj/item/clothing/head/fedora 
- Didn't return an Initialize hint
Path : /obj/item/clothing/suit/armor/vest/det_suit 
- Didn't return an Initialize hint
Path : /obj/item/clothing/under/suit_jacket/female 
- Didn't return an Initialize hint
Path : /obj/item/clothing/under/suit_jacket/really_black 
- Didn't return an Initialize hint
Path : /obj/item/clothing/suit/ianshirt 
- Didn't return an Initialize hint
Path : /obj/item/clothing/gloves/color/rainbow 
- Didn't return an Initialize hint
Path : /obj/item/clothing/head/soft/rainbow 
- Didn't return an Initialize hint
Path : /obj/item/clothing/shoes/sneakers/rainbow 
- Didn't return an Initialize hint
Path : /obj/item/clothing/glasses/welding 
- Didn't return an Initialize hint
Path : /obj/item/clothing/head/helmet/space/hardsuit/captain 
- Didn't return an Initialize hint
Path : /obj/item/clothing/suit/space/hardsuit/captain 
- Didn't return an Initialize hint
Path : /obj/item/clothing/glasses/science 
- Didn't return an Initialize hint
Path : /obj/item/clothing/accessory/armband/medblue 
- Didn't return an Initialize hint
Path : /obj/item/clothing/head/hooded/winterhood/captain 
- Didn't return an Initialize hint
Path : /obj/item/clothing/suit/hooded/wintercoat/captain 
- Didn't return an Initialize hint
Path : /obj/item/clothing/neck/cloak/cap 
- Didn't return an Initialize hint
Path : /obj/item/clothing/neck/petcollar 
- Didn't return an Initialize hint
Path : /obj/item/clothing/under/rank/captain 
- Didn't return an Initialize hint
Path : /obj/item/clothing/under/rank/captain/skirt 
- Didn't return an Initialize hint
Path : /obj/item/clothing/suit/armor/vest/capcarapace 
- Didn't return an Initialize hint
Path : /obj/item/clothing/head/caphat 
- Didn't return an Initialize hint
Path : /obj/item/clothing/under/captainparade 
- Didn't return an Initialize hint
Path : /obj/item/clothing/suit/armor/vest/capcarapace/alt 
- Didn't return an Initialize hint
Path : /obj/item/clothing/head/caphat/parade 
- Didn't return an Initialize hint
Path : /obj/item/clothing/head/caphat/beret 
- Didn't return an Initialize hint
Path : /obj/item/clothing/suit/captunic 
- Didn't return an Initialize hint
Path : /obj/item/clothing/under/rank/captain/femformal 
- Didn't return an Initialize hint
Path : /obj/item/clothing/glasses/sunglasses/gar/supergar 
- Didn't return an Initialize hint
Path : /obj/item/clothing/gloves/color/captain 
- Didn't return an Initialize hint
Path : /obj/item/clothing/under/rank/chemist 
- Didn't return an Initialize hint
Path : /obj/item/clothing/suit/toggle/labcoat/chemist 
- Didn't return an Initialize hint
Path : /obj/item/clothing/neck/stethoscope 
- Didn't return an Initialize hint
Path : /obj/item/clothing/neck/cloak/hop 
- Didn't return an Initialize hint
Path : /obj/item/clothing/under/rank/head_of_personnel 
- Didn't return an Initialize hint
Path : /obj/item/clothing/under/rank/head_of_personnel/skirt 
- Didn't return an Initialize hint
Path : /obj/item/clothing/head/hopcap 
- Didn't return an Initialize hint
Path : /obj/item/clothing/head/hopcap/beret 
- Didn't return an Initialize hint
Path : /obj/item/clothing/suit/armor/vest/alt 
- Didn't return an Initialize hint
Path : /obj/item/clothing/head/hooded/winterhood/hop 
- Didn't return an Initialize hint
Path : /obj/item/clothing/suit/hooded/wintercoat/hop 
- Didn't return an Initialize hint
Path : /obj/item/clothing/suit/radiation 
- Didn't return an Initialize hint
Path : /obj/item/clothing/head/radiation 
- Didn't return an Initialize hint
Path : /obj/item/clothing/mask/facehugger/lamarr 
- Didn't return an Initialize hint
Path : /obj/item/clothing/accessory/armband/science 
- Didn't return an Initialize hint
Path : /obj/item/clothing/accessory/armband/cargo 
- Didn't return an Initialize hint
Path : /obj/item/clothing/head/helmet/space/hardsuit/medical 
- Didn't return an Initialize hint
Path : /obj/item/clothing/suit/space/hardsuit/medical 
- Didn't return an Initialize hint
Path : /obj/item/clothing/neck/cloak/rd 
- Didn't return an Initialize hint
Path : /obj/item/clothing/head/beret/rd 
- Didn't return an Initialize hint
Path : /obj/item/clothing/suit/toggle/labcoat 
- Didn't return an Initialize hint
Path : /obj/item/clothing/under/rank/research_director 
- Didn't return an Initialize hint
Path : /obj/item/clothing/under/rank/research_director/skirt 
- Didn't return an Initialize hint
Path : /obj/item/clothing/under/rank/research_director/alt 
- Didn't return an Initialize hint
Path : /obj/item/clothing/under/rank/research_director/alt/skirt 
- Didn't return an Initialize hint
Path : /obj/item/clothing/under/rank/research_director/turtleneck 
- Didn't return an Initialize hint
Path : /obj/item/clothing/under/rank/research_director/turtleneck/skirt 
- Didn't return an Initialize hint
Path : /obj/item/clothing/suit/armor/reactive/teleport 
- Didn't return an Initialize hint
Path : /obj/item/clothing/head/hooded/winterhood/rd 
- Didn't return an Initialize hint
Path : /obj/item/clothing/suit/hooded/wintercoat/rd 
- Didn't return an Initialize hint
Path : /obj/item/clothing/head/helmet/space/hardsuit/rd 
- Didn't return an Initialize hint
Path : /obj/item/clothing/suit/space/hardsuit/rd 
- Didn't return an Initialize hint
Path : /obj/item/clothing/suit/bio_suit/general 
- Didn't return an Initialize hint
Path : /obj/item/clothing/head/bio_hood/general 
- Didn't return an Initialize hint
Path : /obj/item/clothing/glasses/hud/health 
- Didn't return an Initialize hint
Path : /obj/item/clothing/suit/bio_suit/janitor 
- Didn't return an Initialize hint
Path : /obj/item/clothing/head/bio_hood/janitor 
- Didn't return an Initialize hint
Path : /obj/item/clothing/mask/muzzle 
- Didn't return an Initialize hint
Path : /obj/item/clothing/under/rank/vice 
- Didn't return an Initialize hint
Path : /obj/item/clothing/under/rank/miner/lavaland 
- Didn't return an Initialize hint
Path : /obj/item/clothing/shoes/workboots/mining 
- Didn't return an Initialize hint
Path : /obj/item/clothing/head/hooded/winterhood/miner 
- Didn't return an Initialize hint
Path : /obj/item/clothing/suit/hooded/wintercoat/miner 
- Didn't return an Initialize hint
Path : /obj/item/clothing/mask/breath/medical 
- Didn't return an Initialize hint
Path : /obj/item/clothing/neck/cloak/cmo 
- Didn't return an Initialize hint
Path : /obj/item/clothing/head/beret/cmo 
- Didn't return an Initialize hint
Path : /obj/item/clothing/suit/bio_suit/cmo 
- Didn't return an Initialize hint
Path : /obj/item/clothing/head/bio_hood/cmo 
- Didn't return an Initialize hint
Path : /obj/item/clothing/suit/toggle/labcoat/cmo 
- Didn't return an Initialize hint
Path : /obj/item/clothing/under/rank/chief_medical_officer 
- Didn't return an Initialize hint
Path : /obj/item/clothing/under/rank/chief_medical_officer/skirt 
- Didn't return an Initialize hint
Path : /obj/item/clothing/accessory/medal/ribbon/medical_doctor 
- Didn't return an Initialize hint
Path : /obj/item/clothing/head/hooded/winterhood/cmo 
- Didn't return an Initialize hint
Path : /obj/item/clothing/suit/hooded/wintercoat/cmo 
- Didn't return an Initialize hint
Path : /obj/item/clothing/under/rank/chief_medical_officer/turtleneck 
- Didn't return an Initialize hint
Path : /obj/item/clothing/gloves/color/yellow 
- Didn't return an Initialize hint
Path : /obj/item/clothing/under/assistantformal 
- Didn't return an Initialize hint
Path : /obj/item/clothing/head/cone 
- Didn't return an Initialize hint
Path : /obj/item/clothing/accessory/armband/engine 
- Didn't return an Initialize hint
Path : /obj/item/clothing/suit/fire/atmos 
- Didn't return an Initialize hint
Path : /obj/item/clothing/head/hardhat/atmos 
- Didn't return an Initialize hint
Path : /obj/item/clothing/glasses/meson/engine/tray 
- Didn't return an Initialize hint
Path : /obj/item/clothing/under/color/lightpurple 
- Didn't return an Initialize hint
Path : /obj/item/clothing/head/helmet/space/hardsuit/engine/atmos 
- Didn't return an Initialize hint
Path : /obj/item/clothing/suit/space/hardsuit/engine/atmos 
- Didn't return an Initialize hint
Path : /obj/item/clothing/suit/bio_suit/virology 
- Didn't return an Initialize hint
Path : /obj/item/clothing/head/bio_hood/virology 
- Didn't return an Initialize hint
Path : /obj/structure/closet/secure_closet/freezer/kitchen/maintenance 
- Didn't return an Initialize hint
Path : /obj/item/clothing/head/kitty 
- Didn't return an Initialize hint
Path : /obj/item/clothing/accessory/maidapron 
- Didn't return an Initialize hint
Path : /obj/item/clothing/under/maid 
- Didn't return an Initialize hint
Path : /obj/item/clothing/head/helmet/space/hardsuit/engine/elite 
- Didn't return an Initialize hint
Path : /obj/item/clothing/suit/space/hardsuit/engine/elite 
- Didn't return an Initialize hint
Path : /obj/item/clothing/shoes/magboots/advance 
- Didn't return an Initialize hint
Path : /obj/item/clothing/neck/cloak/ce 
- Didn't return an Initialize hint
Path : /obj/item/clothing/head/beret/ce 
- Didn't return an Initialize hint
Path : /obj/item/clothing/under/rank/chief_engineer 
- Didn't return an Initialize hint
Path : /obj/item/clothing/under/rank/chief_engineer/skirt 
- Didn't return an Initialize hint
Path : /obj/item/clothing/head/hardhat/white 
- Didn't return an Initialize hint
Path : /obj/item/clothing/glasses/meson/engine 
- Didn't return an Initialize hint
Path : /obj/item/clothing/accessory/medal/engineer 
- Didn't return an Initialize hint
Path : /obj/item/clothing/head/hooded/winterhood/ce 
- Didn't return an Initialize hint
Path : /obj/item/clothing/suit/hooded/wintercoat/ce 
- Didn't return an Initialize hint
Path : /obj/item/clothing/gloves/color/grey 
- Didn't return an Initialize hint
Path : /obj/item/clothing/head/helmet/space/hardsuit/engine 
- Didn't return an Initialize hint
Path : /obj/item/clothing/suit/space/hardsuit/engine 
- Didn't return an Initialize hint
Path : /obj/item/clothing/accessory/medal/greytide 
- Didn't return an Initialize hint
Path : /obj/item/clothing/head/hooded/winterhood/engineering 
- Didn't return an Initialize hint
Path : /obj/item/clothing/suit/hooded/wintercoat/engineering 
- Didn't return an Initialize hint
Path : /obj/item/clothing/under/rank/engineer 
- Didn't return an Initialize hint
Path : /obj/item/clothing/shoes/workboots 
- Didn't return an Initialize hint
Path : /obj/item/clothing/head/hooded/explorer 
- Didn't return an Initialize hint
Path : /obj/item/clothing/suit/hooded/explorer/standard 
- Didn't return an Initialize hint
Path : /obj/item/clothing/mask/gas/explorer 
- Didn't return an Initialize hint
Path : /obj/item/clothing/head/helmet/roman/legionnaire 
- Didn't return an Initialize hint
Path : /obj/item/clothing/shoes/combat 
- Didn't return an Initialize hint
Path : /obj/item/clothing/mask/gas/syndicate 
- Didn't return an Initialize hint
Path : /obj/item/clothing/head/helmet/space/hardsuit/syndi 
- Didn't return an Initialize hint
Path : /obj/item/clothing/suit/space/hardsuit/syndi 
- Didn't return an Initialize hint
Path : /obj/item/clothing/under/rank/clown 
- Didn't return an Initialize hint
Path : /obj/item/clothing/shoes/clown_shoes 
- Didn't return an Initialize hint
Path : /obj/item/clothing/mask/gas/clown_hat 
- Didn't return an Initialize hint
Path : /obj/item/clothing/head/helmet/space/orange 
- Didn't return an Initialize hint
Path : /obj/item/clothing/suit/space/orange 
- Didn't return an Initialize hint
Path : /obj/item/clothing/shoes/sandal 
- Didn't return an Initialize hint
Path : /obj/item/clothing/neck/tie/black 
- Didn't return an Initialize hint
Path : /obj/item/clothing/gloves/color/white 
- Didn't return an Initialize hint
Path : /obj/item/clothing/head/helmet/space/syndicate/green/dark 
- Didn't return an Initialize hint
Path : /obj/item/clothing/suit/space/syndicate/green/dark 
- Didn't return an Initialize hint
Path : /obj/item/clothing/glasses/regular/hipster 
- Didn't return an Initialize hint
Path : /obj/item/clothing/mask/cigarette/dromedary 
- Didn't return an Initialize hint
Path : /obj/item/clothing/under/overalls 
- Didn't return an Initialize hint
Path : /obj/item/clothing/suit/apron 
- Didn't return an Initialize hint
Path : /obj/structure/closet/secure_closet/freezer 
- Didn't return an Initialize hint
Path : /obj/item/clothing/under/rank/centcom_officer 
- Didn't return an Initialize hint
Path : /obj/item/clothing/head/helmet/space/nasavoid 
- Didn't return an Initialize hint
Path : /obj/item/clothing/suit/space/nasavoid 
- Didn't return an Initialize hint
Path : /obj/item/clothing/suit/space/syndicate/orange 
- Didn't return an Initialize hint
Path : /obj/item/clothing/head/helmet/space/syndicate/orange 
- Didn't return an Initialize hint
Path : /obj/item/clothing/under/soviet 
- Didn't return an Initialize hint
Path : /obj/item/clothing/head/ushanka 
- Didn't return an Initialize hint
Path : /obj/item/clothing/head/hooded/winterhood/science 
- Didn't return an Initialize hint
Path : /obj/item/clothing/suit/hooded/wintercoat/science 
- Didn't return an Initialize hint
Path : /obj/item/clothing/under/rank/scientist 
- Didn't return an Initialize hint
Path : /obj/item/clothing/suit/toggle/labcoat/science 
- Didn't return an Initialize hint
Path : /obj/item/clothing/mask/facehugger/dead 
- Didn't return an Initialize hint
Path : /obj/item/clothing/under/pants/classicjeans 
- Didn't return an Initialize hint
Path : /obj/item/clothing/neck/scarf 
- Didn't return an Initialize hint
Path : /obj/item/clothing/neck/stripedgreenscarf 
- Didn't return an Initialize hint
Path : /obj/item/clothing/head/chameleon 
- Didn't return an Initialize hint
Path : /obj/item/clothing/suit/chameleon 
- Didn't return an Initialize hint
Path : /obj/item/clothing/under/chameleon 
- Didn't return an Initialize hint
Path : /obj/item/clothing/shoes/chameleon 
- Didn't return an Initialize hint
Path : /obj/item/clothing/under/rank/centcom_commander 
- Didn't return an Initialize hint
Path : /obj/item/clothing/head/centhat 
- Didn't return an Initialize hint
Path : /obj/item/integrated_circuit/passive/power/chemical_cell 
- Didn't return an Initialize hint
Path : /obj/item/integrated_circuit/atmospherics/pump/volume 
- Didn't return an Initialize hint
Path : /obj/item/integrated_circuit/atmospherics/pump/vent 
- Didn't return an Initialize hint
Path : /obj/item/integrated_circuit/atmospherics/pump/filter 
- Didn't return an Initialize hint
Path : /obj/item/integrated_circuit/atmospherics/pump/mixer 
- Didn't return an Initialize hint
Path : /obj/item/integrated_circuit/atmospherics/pump 
- Didn't return an Initialize hint
Path : /obj/item/integrated_circuit/atmospherics/connector 
- Didn't return an Initialize hint
Path : /obj/item/integrated_circuit/atmospherics/tank/large 
- Didn't return an Initialize hint
Path : /obj/item/integrated_circuit/atmospherics/tank/freezer/heater 
- Didn't return an Initialize hint
Path : /obj/item/integrated_circuit/atmospherics/tank/freezer 
- Didn't return an Initialize hint
Path : /obj/item/integrated_circuit/atmospherics/tank 
- Didn't return an Initialize hint
Path : /obj/item/integrated_circuit/atmospherics/cooler/heater 
- Didn't return an Initialize hint
Path : /obj/item/integrated_circuit/atmospherics/cooler 
- Didn't return an Initialize hint
Path : /obj/item/integrated_circuit/atmospherics 
- Didn't return an Initialize hint
Path : /obj/item/clothing/suit/space/syndicate 
- Didn't return an Initialize hint
Path : /obj/item/clothing/head/helmet/space/syndicate 
- Didn't return an Initialize hint
Path : /obj/item/clothing/under/color/yellow 
- Didn't return an Initialize hint
Path : /obj/item/clothing/under/rank/medical 
- Didn't return an Initialize hint
Path : /obj/item/clothing/head/hooded/winterhood/medical 
- Didn't return an Initialize hint
Path : /obj/item/clothing/suit/hooded/wintercoat/medical 
- Didn't return an Initialize hint
Path : /obj/item/clothing/under/rank/nursesuit 
- Didn't return an Initialize hint
Path : /obj/item/clothing/head/nursehat 
- Didn't return an Initialize hint
Path : /obj/item/clothing/under/rank/medical/blue 
- Didn't return an Initialize hint
Path : /obj/item/clothing/under/rank/medical/green 
- Didn't return an Initialize hint
Path : /obj/item/clothing/under/rank/medical/purple 
- Didn't return an Initialize hint
Path : /obj/item/clothing/suit/toggle/labcoat/emt 
- Didn't return an Initialize hint
Path : /obj/item/clothing/head/soft/emt 
- Didn't return an Initialize hint

