/turf/closed/mineral/random/volcanic => 140ms (29832) (avg:0.0046929470263421535)
/turf/open/lava/smooth/lava_land_surface => 44ms (9976) (avg:0.0044105853885412216)
/turf/closed/mineral/iron/volcanic => 19ms (3852) (avg:0.0049325027503073215)
/turf/closed/wall => 18ms (2939) (avg:0.0061245323158800602)
/turf/closed/indestructible/riveted/boss => 17ms (3129) (avg:0.0054330457933247089)
/turf/closed/indestructible/riveted => 16ms (3507) (avg:0.0045623038895428181)
/obj/structure/lattice => 14ms (2062) (avg:0.0067895245738327503)
/obj/structure/window/reinforced/fulltile => 13ms (1578) (avg:0.0082382764667272568)
/turf/open/floor/plasteel => 10ms (3809) (avg:0.0026253610849380493)
/turf/closed/wall/r_wall => 10ms (1831) (avg:0.0054614963009953499)
/turf/open/floor/plasteel/dark => 8ms (2303) (avg:0.0034737298265099525)
/obj/machinery/door/airlock/public/glass => 8ms (202) (avg:0.039603959769010544)
/turf/closed/mineral/random/labormineral/volcanic => 7ms (2345) (avg:0.0029850746504962444)
/mob/living/carbon/human => 7ms (17) (avg:0.4117647111415863)
/obj/structure/table => 6ms (517) (avg:0.011605415493249893)
/obj/item/stock_parts/cell/emergency_light => 5ms (942) (avg:0.0053078555501997471)
/turf/closed/mineral/gold/volcanic => 5ms (419) (avg:0.011933173984289169)
/obj/machinery/door/airlock/maintenance => 5ms (175) (avg:0.02857142873108387)
/obj/machinery/door/airlock/maintenance/abandoned => 5ms (65) (avg:0.076923079788684845)
/turf/closed/mineral/plasma/volcanic => 4ms (967) (avg:0.0041365046054124832)
/obj/effect/decal/cleanable/dirt => 4ms (860) (avg:0.0046511627733707428)
/turf/closed/mineral/silver/volcanic => 3ms (514) (avg:0.0058365757577121258)
/turf/closed/mineral/titanium/volcanic => 3ms (467) (avg:0.0064239827916026115)
/obj/machinery/clonepod => 3ms (432) (avg:0.0069444444961845875)
/turf/open/floor/carpet => 3ms (327) (avg:0.0091743115335702896)
/turf/closed/mineral/random => 3ms (319) (avg:0.0094043882563710213)
/obj/machinery/door/airlock/external => 3ms (248) (avg:0.012096773833036423)
/turf/open/floor/plasteel/white => 3ms (232) (avg:0.012931034900248051)
/obj/structure/table/reinforced => 2ms (588) (avg:0.0034013604745268822)
/obj/machinery/light/small => 2ms (526) (avg:0.0038022813387215137)
/turf/closed/mineral => 2ms (513) (avg:0.0038986355066299438)
/turf/closed/wall/mineral/plastitanium => 2ms (185) (avg:0.010810811072587967)
/obj/machinery/door/airlock/centcom => 2ms (147) (avg:0.013605441898107529)
/obj/machinery/door/airlock => 2ms (104) (avg:0.019230769947171211)
/obj/screen/parallax_layer/layer_1 => 2ms (4) (avg:0.5)
/obj/machinery/light => 1ms (1008) (avg:0.00099206354934722185)
/turf/closed/wall/mineral/titanium => 1ms (470) (avg:0.0021276595070958138)
/obj/structure/lattice/catwalk => 1ms (386) (avg:0.0025906735099852085)
/turf/closed/mineral/volcanic/lava_land_surface => 1ms (379) (avg:0.0026385225355625153)
/turf/open/indestructible/hierophant => 1ms (328) (avg:0.0030487803742289543)
/obj/structure/table/wood => 1ms (302) (avg:0.0033112582750618458)
/obj/machinery/firealarm => 1ms (251) (avg:0.0039840638637542725)
/turf/closed/mineral/random/high_chance/volcanic => 1ms (241) (avg:0.0041493778117001057)
/obj/machinery/power/solar => 1ms (240) (avg:0.0041666668839752674)
/turf/open/floor/plating => 1ms (237) (avg:0.0042194090783596039)
/turf/closed/mineral/uranium/volcanic => 1ms (226) (avg:0.0044247787445783615)
/obj/machinery/atmospherics/pipe/manifold/supply/hidden => 1ms (183) (avg:0.0054644807241857052)
/turf/closed/indestructible => 1ms (168) (avg:0.0059523810632526875)
/turf/closed/wall/mineral/titanium/nodiagonal => 1ms (142) (avg:0.007042253389954567)
/obj/machinery/atmospherics/pipe/manifold/scrubbers/hidden => 1ms (138) (avg:0.0072463769465684891)
/obj/item/stock_parts/cell/upgraded => 1ms (137) (avg:0.0072992700152099133)
/turf/closed/mineral/gibtonite/volcanic => 1ms (133) (avg:0.0075187971815466881)
/turf/closed/indestructible/fakeglass => 1ms (90) (avg:0.011111111380159855)
/obj/item/screwdriver => 1ms (88) (avg:0.011363636702299118)
/obj/machinery/power/solar_control => 1ms (85) (avg:0.011764706112444401)
/obj/structure/table/glass => 1ms (71) (avg:0.014084506779909134)
/obj/item/reagent_containers/glass/beaker/large => 1ms (56) (avg:0.01785714365541935)
/obj/item/reagent_containers/syringe/charcoal => 1ms (50) (avg:0.019999999552965164)
/turf/open/floor/carpet/black => 1ms (48) (avg:0.02083333395421505)
/obj/machinery/door/airlock/command/glass => 1ms (36) (avg:0.02777777798473835)
/obj/item/storage/toolbox/mechanical => 1ms (35) (avg:0.02857142873108387)
/obj/machinery/door/airlock/medical/glass => 1ms (32) (avg:0.03125)
/turf/open/space/basic => 1ms (31) (avg:0.032258063554763794)
/turf/closed/mineral/plasma => 1ms (28) (avg:0.035714287310838699)
/obj/structure/window/paperframe => 1ms (27) (avg:0.037037037312984467)
/mob/living/carbon/human/dummy => 1ms (25) (avg:0.039999999105930328)
/turf/closed/wall/mineral/wood => 1ms (21) (avg:0.0476190485060215)
/obj/machinery/door/airlock/security => 1ms (19) (avg:0.052631579339504242)
/obj/item/storage/crayons => 1ms (16) (avg:0.0625)
/obj/machinery/door/airlock/virology/glass => 1ms (16) (avg:0.0625)
/obj/machinery/power/smes/engineering => 1ms (15) (avg:0.066666670143604279)
/obj/machinery/power/smes/magical => 1ms (10) (avg:0.10000000149011612)
/obj/machinery/door/airlock/engineering/abandoned => 1ms (8) (avg:0.125)
/obj/machinery/computer/bounty => 1ms (6) (avg:0.1666666716337204)
/turf/closed/mineral/gold => 1ms (6) (avg:0.1666666716337204)
/obj/structure/door_assembly/door_assembly_mai => 1ms (4) (avg:0.25)
/obj/item/gun/energy/laser/practice => 1ms (4) (avg:0.25)
/obj/structure/door_assembly/door_assembly_ext => 1ms (1) (avg:1)
/obj/item/storage/box/chemimp => 1ms (1) (avg:1)
/obj/machinery/airalarm => 0ms (313) (avg:0)
/turf/open/space => 0ms (283) (avg:0)
/obj/structure/alien/weeds => 0ms (239) (avg:0)
/turf/open/floor/holofloor => 0ms (156) (avg:0)
/obj/machinery/disposal/bin => 0ms (150) (avg:0)
/turf/closed/wall/mineral/titanium/interior => 0ms (147) (avg:0)
/obj/structure/window/fulltile => 0ms (142) (avg:0)
/turf/closed/indestructible/riveted/uranium => 0ms (131) (avg:0)
/turf/closed/mineral/random/high_chance => 0ms (126) (avg:0)
/obj/item/stock_parts/cell/high/empty => 0ms (120) (avg:0)
/turf/open/indestructible/hierophant/two => 0ms (113) (avg:0)
/obj/item/stock_parts/cell => 0ms (105) (avg:0)
/turf/open/floor/engine => 0ms (97) (avg:0)
/turf/closed/indestructible/riveted/hierophant => 0ms (88) (avg:0)
/obj/item/stock_parts/cell/high => 0ms (86) (avg:0)
/obj/structure/alien/resin/wall => 0ms (83) (avg:0)
/turf/open/floor/carpet/royalblue => 0ms (81) (avg:0)
/obj/machinery/newscaster => 0ms (76) (avg:0)
/obj/structure/window/shuttle => 0ms (74) (avg:0)
/obj/machinery/atmospherics/components/binary/passive_gate => 0ms (72) (avg:0)
/obj/item/wirecutters => 0ms (71) (avg:0)
/turf/open/floor/plasteel/white/corner => 0ms (63) (avg:0)
/obj/structure/closet/emcloset => 0ms (61) (avg:0)
/obj/item/paper_bin => 0ms (60) (avg:0)
/obj/structure/closet => 0ms (58) (avg:0)
/turf/open/floor/plasteel/cafeteria => 0ms (57) (avg:0)
/turf/closed/wall/mineral/diamond => 0ms (56) (avg:0)
/obj/item/weldingtool => 0ms (55) (avg:0)
/obj/machinery/door/airlock/security/glass => 0ms (51) (avg:0)
/turf/closed/mineral/diamond/volcanic => 0ms (44) (avg:0)
/obj/item/storage/toolbox/emergency => 0ms (42) (avg:0)
/turf/closed/wall/mineral/cult => 0ms (41) (avg:0)
/obj/item/reagent_containers/glass/beaker => 0ms (40) (avg:0)
/turf/closed/mineral/ash_rock => 0ms (40) (avg:0)
/obj/item/clipboard => 0ms (39) (avg:0)
/obj/machinery/door/airlock/engineering => 0ms (39) (avg:0)
/turf/closed/mineral/bscrystal/volcanic => 0ms (38) (avg:0)
/turf/open/floor/mineral/plastitanium/red => 0ms (37) (avg:0)
/turf/open/floor/plating/airless => 0ms (36) (avg:0)
/obj/machinery/power/solar/fake => 0ms (36) (avg:0)
/obj/machinery/atmospherics/pipe/manifold/general/visible => 0ms (36) (avg:0)
/obj/structure/window/plasma/reinforced/fulltile => 0ms (36) (avg:0)
/obj/machinery/door/airlock/hatch => 0ms (35) (avg:0)
/obj/machinery/door/airlock/titanium => 0ms (34) (avg:0)
/obj/machinery/computer/secure_data => 0ms (33) (avg:0)
/obj/machinery/door/airlock/command => 0ms (29) (avg:0)
/turf/closed/wall/mineral/titanium/overspace => 0ms (29) (avg:0)
/obj/machinery/power/smes => 0ms (28) (avg:0)
/obj/machinery/door/airlock/research => 0ms (28) (avg:0)
/obj/machinery/airalarm/all_access => 0ms (28) (avg:0)
/obj/item/gun/energy/laser => 0ms (27) (avg:0)
/turf/open/floor/circuit/green/off => 0ms (26) (avg:0)
/obj/machinery/door/airlock/medical => 0ms (26) (avg:0)
/obj/machinery/door/airlock/mining/glass => 0ms (26) (avg:0)
/obj/machinery/newscaster/security_unit => 0ms (26) (avg:0)
/obj/structure/lattice/clockwork => 0ms (25) (avg:0)
/mob/living/simple_animal/hostile/poison/bees => 0ms (24) (avg:0)
/obj/machinery/door/airlock/silver => 0ms (24) (avg:0)
/obj/machinery/door/airlock/engineering/glass => 0ms (24) (avg:0)
/turf/closed/wall/clockwork => 0ms (24) (avg:0)
/obj/effect/clockwork/overlay/wall => 0ms (24) (avg:0)
/obj/item/reagent_containers/glass/bottle/epinephrine => 0ms (23) (avg:0)
/obj/machinery/atmospherics/pipe/manifold4w/supply/hidden => 0ms (23) (avg:0)
/obj/machinery/portable_atmospherics/canister/oxygen => 0ms (22) (avg:0)
/obj/structure/closet/secure_closet/personal => 0ms (21) (avg:0)
/obj/item/disk/plantgene => 0ms (21) (avg:0)
/obj/structure/table/wood/fancy => 0ms (21) (avg:0)
/obj/machinery/light/small/built => 0ms (21) (avg:0)
/obj/item/stock_parts/cell/high/plus => 0ms (20) (avg:0)
/obj/machinery/portable_atmospherics/canister/air => 0ms (19) (avg:0)
/obj/item/storage/belt/security/full => 0ms (19) (avg:0)
/obj/item/reagent_containers/glass/bottle/charcoal => 0ms (19) (avg:0)
/turf/closed/mineral/iron => 0ms (19) (avg:0)
/obj/machinery/computer/security => 0ms (18) (avg:0)
/obj/machinery/atmospherics/components/unary/vent_pump/on => 0ms (18) (avg:0)
/obj/structure/table/abductor => 0ms (18) (avg:0)
/turf/closed/wall/mineral/abductor => 0ms (18) (avg:0)
/obj/structure/closet/crate/bin => 0ms (17) (avg:0)
/obj/item/storage/toolbox/electrical => 0ms (17) (avg:0)
/obj/item/reagent_containers/blood/random => 0ms (16) (avg:0)
/obj/machinery/door/airlock/maintenance_hatch => 0ms (16) (avg:0)
/turf/open/floor/holofloor/carpet => 0ms (16) (avg:0)
/obj/machinery/computer/med_data => 0ms (15) (avg:0)
/turf/open/floor/plasteel/dark/corner => 0ms (15) (avg:0)
/obj/machinery/atmospherics/pipe/manifold/cyan/visible => 0ms (15) (avg:0)
/turf/closed/mineral/silver => 0ms (15) (avg:0)
/obj/structure/window/plastitanium => 0ms (15) (avg:0)
/mob/living/simple_animal/slime => 0ms (15) (avg:0)
/obj/structure/transit_tube/horizontal => 0ms (14) (avg:0)
/obj/item/storage/box/handcuffs => 0ms (14) (avg:0)
/obj/machinery/computer/crew => 0ms (13) (avg:0)
/obj/item/storage/box/lights/mixed => 0ms (13) (avg:0)
/obj/item/storage/box/syringes => 0ms (13) (avg:0)
/obj/structure/closet/firecloset => 0ms (13) (avg:0)
/obj/machinery/computer/operating => 0ms (12) (avg:0)
/obj/machinery/computer/shuttle/mining => 0ms (12) (avg:0)
/turf/open/floor/circuit/red => 0ms (12) (avg:0)
/turf/open/floor/circuit => 0ms (12) (avg:0)
/turf/open/floor/plasteel/showroomfloor => 0ms (12) (avg:0)
/turf/open/floor/plasteel/freezer => 0ms (12) (avg:0)
/obj/machinery/door/airlock/highsecurity => 0ms (12) (avg:0)
/obj/item/gun/energy/e_gun/turret => 0ms (12) (avg:0)
/obj/machinery/atmospherics/pipe/manifold4w/scrubbers/hidden => 0ms (12) (avg:0)
/obj/machinery/atmospherics/pipe/manifold4w/scrubbers => 0ms (12) (avg:0)
/turf/closed/mineral/titanium => 0ms (12) (avg:0)
/turf/closed/indestructible/riveted/boss/see_through => 0ms (12) (avg:0)
/mob/living/carbon/monkey => 0ms (11) (avg:0)
/obj/item/gun/ballistic/automatic/wt550 => 0ms (11) (avg:0)
/obj/machinery/computer/communications => 0ms (11) (avg:0)
/obj/item/gun/energy/e_gun => 0ms (11) (avg:0)
/obj/machinery/computer/station_alert => 0ms (11) (avg:0)
/obj/item/stack/ore/bluespace_crystal/artificial => 0ms (11) (avg:0)
/obj/item/reagent_containers/glass/bottle/morphine => 0ms (11) (avg:0)
/obj/structure/alien/resin/membrane => 0ms (11) (avg:0)
/obj/structure/closet/abductor => 0ms (10) (avg:0)
/obj/item/lighter => 0ms (10) (avg:0)
/obj/structure/closet/secure_closet/security => 0ms (10) (avg:0)
/obj/machinery/computer/cargo => 0ms (10) (avg:0)
/obj/item/clothing/under/polychromic/shirt => 0ms (10) (avg:0)
/obj/item/clothing/under/polychromic/skirt => 0ms (10) (avg:0)
/obj/item/storage/box => 0ms (10) (avg:0)
/obj/machinery/door/airlock/research/glass => 0ms (10) (avg:0)
/obj/item/storage/box/emptysandbags => 0ms (10) (avg:0)
/obj/machinery/door/airlock/atmos => 0ms (10) (avg:0)
/turf/open/floor/plasteel/airless => 0ms (10) (avg:0)
/obj/machinery/atmospherics/components/unary/vent_scrubber/on => 0ms (10) (avg:0)
/obj/machinery/atmospherics/pipe/manifold/scrubbers/visible => 0ms (10) (avg:0)
/turf/closed/mineral/diamond => 0ms (10) (avg:0)
/obj/machinery/computer/mech_bay_power_console => 0ms (9) (avg:0)
/obj/machinery/computer/prisoner => 0ms (9) (avg:0)
/obj/machinery/computer/security/mining => 0ms (9) (avg:0)
/obj/item/storage/box/beakers => 0ms (9) (avg:0)
/obj/item/clothing/under/polychromic/jumpsuit => 0ms (9) (avg:0)
/obj/item/clothing/under/polychromic/kilt => 0ms (9) (avg:0)
/obj/item/clothing/under/polychromic/shorts => 0ms (9) (avg:0)
/turf/open/lava/smooth => 0ms (9) (avg:0)
/obj/structure/closet/crate/secure/loot => 0ms (8) (avg:0)
/obj/item/storage/box/flashbangs => 0ms (8) (avg:0)
/obj/machinery/computer/card/centcom => 0ms (8) (avg:0)
/obj/item/reagent_containers/syringe/epinephrine => 0ms (8) (avg:0)
/obj/machinery/computer/shuttle/labor => 0ms (8) (avg:0)
/obj/machinery/computer/atmos_alert => 0ms (8) (avg:0)
/obj/machinery/door/airlock/atmos/abandoned => 0ms (8) (avg:0)
/obj/item/storage/box/rxglasses => 0ms (8) (avg:0)
/obj/structure/closet/radiation => 0ms (8) (avg:0)
/obj/machinery/computer/teleporter => 0ms (8) (avg:0)
/obj/machinery/atmospherics/components/unary/cryo_cell => 0ms (8) (avg:0)
/obj/machinery/portable_atmospherics/canister/nitrous_oxide => 0ms (7) (avg:0)
/obj/machinery/portable_atmospherics/canister/toxins => 0ms (7) (avg:0)
/obj/item/gps/internal => 0ms (7) (avg:0)
/obj/machinery/computer/med_data/laptop => 0ms (7) (avg:0)
/obj/item/stock_parts/cell/upgraded/plus => 0ms (7) (avg:0)
/obj/structure/closet/secure_closet/brig => 0ms (7) (avg:0)
/obj/structure/closet/toolcloset => 0ms (7) (avg:0)
/obj/item/disk/data => 0ms (7) (avg:0)
/obj/item/stock_parts/cell/emproof => 0ms (7) (avg:0)
/obj/item/gun/energy/kinetic_accelerator => 0ms (7) (avg:0)
/obj/item/reagent_containers/glass/beaker/waterbottle/large => 0ms (7) (avg:0)
/obj/machinery/atmospherics/pipe/manifold/yellow/visible => 0ms (7) (avg:0)
/obj/item/reagent_containers/blood/OMinus => 0ms (6) (avg:0)
/obj/item/defibrillator/loaded => 0ms (6) (avg:0)
/obj/machinery/door/airlock/wood => 0ms (6) (avg:0)
/obj/item/dice/d20 => 0ms (6) (avg:0)
/obj/item/storage/box/ids => 0ms (6) (avg:0)
/obj/structure/closet/syndicate/personal => 0ms (6) (avg:0)
/obj/item/paicard => 0ms (6) (avg:0)
/obj/machinery/computer/cryopod => 0ms (6) (avg:0)
/obj/structure/closet/secure_closet/security/sec => 0ms (6) (avg:0)
/obj/item/storage/box/bodybags => 0ms (6) (avg:0)
/obj/item/storage/box/pillbottles => 0ms (6) (avg:0)
/obj/item/storage/box/medsprays => 0ms (6) (avg:0)
/obj/machinery/computer/monitor => 0ms (6) (avg:0)
/obj/machinery/computer/card => 0ms (6) (avg:0)
/obj/structure/closet/l3closet/scientist => 0ms (6) (avg:0)
/obj/item/reagent_containers/glass/beaker/cryoxadone => 0ms (6) (avg:0)
/obj/structure/closet/secure_closet/miner => 0ms (6) (avg:0)
/obj/machinery/door/airlock/virology => 0ms (6) (avg:0)
/obj/item/weldingtool/largetank => 0ms (6) (avg:0)
/obj/item/gun/energy/lasercannon => 0ms (6) (avg:0)
/obj/structure/lattice/catwalk/clockwork => 0ms (6) (avg:0)
/turf/closed/mineral/bananium => 0ms (6) (avg:0)
/obj/machinery/portable_atmospherics/canister/nitrogen => 0ms (5) (avg:0)
/obj/item/storage/box/alienhandcuffs => 0ms (5) (avg:0)
/obj/item/clothing/head/helmet/space/plasmaman => 0ms (5) (avg:0)
/obj/item/storage/box/matches => 0ms (5) (avg:0)
/obj/structure/closet/secure_closet/freezer/meat => 0ms (5) (avg:0)
/obj/machinery/computer/telecrystals/uplinker => 0ms (5) (avg:0)
/obj/item/dice/d4 => 0ms (5) (avg:0)
/obj/item/dice/d10 => 0ms (5) (avg:0)
/obj/item/gps/mining => 0ms (5) (avg:0)
/obj/item/reagent_containers/syringe/lethal/execution => 0ms (5) (avg:0)
/obj/item/pda => 0ms (5) (avg:0)
/obj/structure/closet/secure_closet/personal/patient => 0ms (5) (avg:0)
/obj/structure/closet/l3closet => 0ms (5) (avg:0)
/obj/item/reagent_containers/syringe/antiviral => 0ms (5) (avg:0)
/obj/structure/closet/emcloset/anchored => 0ms (5) (avg:0)
/obj/machinery/atmospherics/pipe/manifold/supply/visible => 0ms (5) (avg:0)
/obj/machinery/atmospherics/components/trinary/filter/flipped/critical => 0ms (5) (avg:0)
/obj/structure/table/wood/poker => 0ms (5) (avg:0)
/turf/closed/mineral/uranium => 0ms (5) (avg:0)
/turf/open/floor/mineral/plastitanium => 0ms (5) (avg:0)
/obj/screen/movable/action_button/hide_toggle => 0ms (4) (avg:0)
/obj/screen/parallax_layer/layer_2 => 0ms (4) (avg:0)
/obj/machinery/portable_atmospherics/canister/carbon_dioxide => 0ms (4) (avg:0)
/obj/structure/transit_tube/crossing/horizontal => 0ms (4) (avg:0)
/obj/machinery/computer/camera_advanced/abductor => 0ms (4) (avg:0)
/obj/item/storage/box/drinkingglasses => 0ms (4) (avg:0)
/obj/item/reagent_containers/blood/AMinus => 0ms (4) (avg:0)
/obj/item/reagent_containers/blood/BMinus => 0ms (4) (avg:0)
/obj/item/reagent_containers/blood/BPlus => 0ms (4) (avg:0)
/obj/item/reagent_containers/blood/OPlus => 0ms (4) (avg:0)
/obj/item/reagent_containers/blood/lizard => 0ms (4) (avg:0)
/obj/structure/closet/cardboard => 0ms (4) (avg:0)
/obj/item/storage/box/mousetraps => 0ms (4) (avg:0)
/obj/item/storage/box/silver_ids => 0ms (4) (avg:0)
/obj/item/storage/box/teargas => 0ms (4) (avg:0)
/obj/item/storage/box/zipties => 0ms (4) (avg:0)
/obj/item/dice/d6 => 0ms (4) (avg:0)
/obj/item/dice/d8 => 0ms (4) (avg:0)
/obj/item/dice/d12 => 0ms (4) (avg:0)
/obj/machinery/computer/emergency_shuttle => 0ms (4) (avg:0)
/obj/machinery/computer/shuttle/white_ship => 0ms (4) (avg:0)
/obj/machinery/door/airlock/vault => 0ms (4) (avg:0)
/obj/machinery/computer/auxillary_base => 0ms (4) (avg:0)
/obj/machinery/modular_computer/console/preset/command => 0ms (4) (avg:0)
/obj/structure/closet/wardrobe/white => 0ms (4) (avg:0)
/obj/structure/closet/secure_closet/medical1 => 0ms (4) (avg:0)
/obj/item/reagent_containers/glass/bottle/toxin => 0ms (4) (avg:0)
/obj/machinery/modular_computer/console/preset/engineering => 0ms (4) (avg:0)
/obj/machinery/computer/cargo/request => 0ms (4) (avg:0)
/obj/structure/closet/wardrobe/black => 0ms (4) (avg:0)
/obj/machinery/computer/scan_consolenew => 0ms (4) (avg:0)
/obj/machinery/door/airlock/mining => 0ms (4) (avg:0)
/turf/open/floor/plasteel/checker => 0ms (4) (avg:0)
/obj/machinery/computer/atmos_control => 0ms (4) (avg:0)
/obj/machinery/computer/camera_advanced/xenobio => 0ms (4) (avg:0)
/obj/machinery/door/airlock/atmos/glass => 0ms (4) (avg:0)
/obj/item/storage/toolbox/syndicate => 0ms (4) (avg:0)
/obj/item/gps => 0ms (4) (avg:0)
/obj/item/stock_parts/cell/hyper => 0ms (4) (avg:0)
/obj/machinery/atmospherics/pipe/manifold/green/visible => 0ms (4) (avg:0)
/obj/machinery/atmospherics/components/unary/outlet_injector/on => 0ms (4) (avg:0)
/obj/screen/movable/action_button => 0ms (4) (avg:0)
/turf/closed/wall/mineral/plastitanium/nodiagonal => 0ms (4) (avg:0)
/obj/structure/closet/secure_closet/freezer/fridge => 0ms (3) (avg:0)
/obj/structure/closet/secure_closet/freezer/kitchen => 0ms (3) (avg:0)
/obj/structure/closet/secure_closet/hydroponics => 0ms (3) (avg:0)
/obj/item/storage/box/disks_plantgene => 0ms (3) (avg:0)
/obj/machinery/gibber => 0ms (3) (avg:0)
/obj/item/storage/box/emps => 0ms (3) (avg:0)
/obj/item/gun/energy/ionrifle => 0ms (3) (avg:0)
/obj/machinery/modular_computer/console/preset/research => 0ms (3) (avg:0)
/obj/item/gps/internal/base => 0ms (3) (avg:0)
/obj/structure/closet/secure_closet/personal/cabinet => 0ms (3) (avg:0)
/obj/structure/closet/wardrobe/cargotech => 0ms (3) (avg:0)
/obj/machinery/computer/arcade/orion_trail/kobayashi => 0ms (3) (avg:0)
/obj/item/gun/energy/e_gun/advtaser => 0ms (3) (avg:0)
/obj/structure/closet/wardrobe/mixed => 0ms (3) (avg:0)
/obj/item/clothing/under/polychromic/shortpants => 0ms (3) (avg:0)
/obj/item/gun/energy/laser/bluetag => 0ms (3) (avg:0)
/obj/item/gun/energy/laser/redtag => 0ms (3) (avg:0)
/obj/structure/closet/secure_closet/chemical => 0ms (3) (avg:0)
/obj/structure/closet/wardrobe/pjs => 0ms (3) (avg:0)
/obj/structure/tank_dispenser/oxygen => 0ms (3) (avg:0)
/obj/structure/closet/wardrobe/grey => 0ms (3) (avg:0)
/obj/item/clothing/neck/petcollar => 0ms (3) (avg:0)
/obj/structure/closet/secure_closet/medical3 => 0ms (3) (avg:0)
/obj/structure/closet/bombcloset => 0ms (3) (avg:0)
/obj/structure/tank_dispenser => 0ms (3) (avg:0)
/obj/item/twohanded/rcl/pre_loaded => 0ms (3) (avg:0)
/obj/structure/closet/secure_closet/engineering_personal => 0ms (3) (avg:0)
/obj/item/gun/ballistic/automatic/pistol/m1911 => 0ms (3) (avg:0)
/obj/machinery/door/airlock/freezer => 0ms (3) (avg:0)
/obj/item/gps/internal/dragon => 0ms (3) (avg:0)
/obj/machinery/atmospherics/components/trinary/filter => 0ms (3) (avg:0)
/obj/structure/table/wood/bar => 0ms (3) (avg:0)
/obj/structure/window/reinforced/tinted/fulltile => 0ms (3) (avg:0)
/obj/item/reagent_containers/glass/beaker/waterbottle => 0ms (3) (avg:0)
/obj/structure/transit_tube => 0ms (2) (avg:0)
/obj/item/toy/crayon/spraycan => 0ms (2) (avg:0)
/obj/machinery/computer/shuttle => 0ms (2) (avg:0)
/obj/structure/closet/secure_closet/ertMed => 0ms (2) (avg:0)
/obj/item/defibrillator/compact/combat/loaded => 0ms (2) (avg:0)
/obj/item/stock_parts/cell/infinite => 0ms (2) (avg:0)
/obj/structure/closet/secure_closet/ertSec => 0ms (2) (avg:0)
/obj/item/storage/box/flashes => 0ms (2) (avg:0)
/obj/structure/closet/secure_closet/ertEngi => 0ms (2) (avg:0)
/obj/item/storage/box/metalfoam => 0ms (2) (avg:0)
/obj/machinery/computer/camera_advanced => 0ms (2) (avg:0)
/obj/machinery/computer/shuttle/ferry => 0ms (2) (avg:0)
/obj/machinery/computer/monitor/secret => 0ms (2) (avg:0)
/obj/structure/closet/secure_closet/quartermaster => 0ms (2) (avg:0)
/obj/structure/closet/secure_closet/courtroom => 0ms (2) (avg:0)
/obj/screen/parallax_layer/layer_3 => 0ms (2) (avg:0)
/obj/machinery/computer/security/hos => 0ms (2) (avg:0)
/obj/machinery/computer/card/minor/hos => 0ms (2) (avg:0)
/obj/item/storage/box/firingpins => 0ms (2) (avg:0)
/obj/item/gun/energy/e_gun/dragnet => 0ms (2) (avg:0)
/obj/machinery/computer/gulag_teleporter_computer => 0ms (2) (avg:0)
/obj/machinery/computer/security/labor => 0ms (2) (avg:0)
/obj/machinery/computer/camera_advanced/base_construction => 0ms (2) (avg:0)
/obj/machinery/computer/holodeck => 0ms (2) (avg:0)
/obj/machinery/computer/bank_machine => 0ms (2) (avg:0)
/turf/open/floor/wood => 0ms (2) (avg:0)
/obj/structure/closet/secure_closet/freezer/cream_pie => 0ms (2) (avg:0)
/obj/structure/closet/wardrobe/green => 0ms (2) (avg:0)
/obj/structure/fireaxecabinet => 0ms (2) (avg:0)
/obj/item/storage/box/evidence => 0ms (2) (avg:0)
/obj/machinery/computer/upload/ai => 0ms (2) (avg:0)
/obj/machinery/computer/upload/borg => 0ms (2) (avg:0)
/obj/machinery/computer/rdconsole/robotics => 0ms (2) (avg:0)
/obj/machinery/computer/rdconsole/core => 0ms (2) (avg:0)
/obj/item/storage/box/masks => 0ms (2) (avg:0)
/obj/item/storage/box/gloves => 0ms (2) (avg:0)
/obj/machinery/computer/aifixer => 0ms (2) (avg:0)
/obj/machinery/computer/rdconsole/experiment => 0ms (2) (avg:0)
/obj/machinery/computer/robotics => 0ms (2) (avg:0)
/obj/machinery/computer/cloning => 0ms (2) (avg:0)
/obj/machinery/computer/mecha => 0ms (2) (avg:0)
/obj/machinery/airalarm/server => 0ms (2) (avg:0)
/obj/machinery/computer/security/qm => 0ms (2) (avg:0)
/obj/machinery/computer/rdservercontrol => 0ms (2) (avg:0)
/obj/machinery/computer/card/minor/rd => 0ms (2) (avg:0)
/obj/machinery/airalarm/unlocked => 0ms (2) (avg:0)
/obj/item/reagent_containers/glass/beaker/synthflesh => 0ms (2) (avg:0)
/obj/structure/closet/secure_closet/medical2 => 0ms (2) (avg:0)
/obj/machinery/computer/card/minor/cmo => 0ms (2) (avg:0)
/obj/machinery/door/airlock/research/glass/incinerator/toxmix_exterior => 0ms (2) (avg:0)
/obj/machinery/door/airlock/research/glass/incinerator/toxmix_interior => 0ms (2) (avg:0)
/obj/machinery/computer/atmos_control/tank/mix_tank => 0ms (2) (avg:0)
/obj/machinery/computer/atmos_control/tank/nitrous_tank => 0ms (2) (avg:0)
/obj/item/reagent_containers/glass/bottle/mutagen => 0ms (2) (avg:0)
/obj/machinery/announcement_system => 0ms (2) (avg:0)
/obj/machinery/computer/message_monitor => 0ms (2) (avg:0)
/obj/structure/closet/secure_closet/atmospherics => 0ms (2) (avg:0)
/obj/machinery/computer/telecomms/server => 0ms (2) (avg:0)
/obj/machinery/computer/atmos_control/tank/toxin_tank => 0ms (2) (avg:0)
/obj/machinery/computer/atmos_control/tank/carbon_tank => 0ms (2) (avg:0)
/obj/machinery/computer/telecomms/monitor => 0ms (2) (avg:0)
/obj/machinery/computer/atmos_control/tank/nitrogen_tank => 0ms (2) (avg:0)
/obj/machinery/computer/atmos_control/tank/oxygen_tank => 0ms (2) (avg:0)
/obj/machinery/computer/atmos_control/tank/air_tank => 0ms (2) (avg:0)
/obj/machinery/computer/apc_control => 0ms (2) (avg:0)
/obj/structure/closet/firecloset/full => 0ms (2) (avg:0)
/obj/machinery/computer/card/minor/ce => 0ms (2) (avg:0)
/obj/machinery/computer/turbine_computer => 0ms (2) (avg:0)
/obj/machinery/door/airlock/public/glass/incinerator/atmos_interior => 0ms (2) (avg:0)
/obj/machinery/door/airlock/public/glass/incinerator/atmos_exterior => 0ms (2) (avg:0)
/obj/machinery/computer/rdconsole/production => 0ms (2) (avg:0)
/obj/machinery/door/airlock/abandoned => 0ms (2) (avg:0)
/obj/machinery/door/airlock/engineering/glass/critical => 0ms (2) (avg:0)
/obj/structure/reflector/box/anchored => 0ms (2) (avg:0)
/obj/structure/reflector/single/anchored => 0ms (2) (avg:0)
/obj/machinery/computer/shuttle/labor/one_way => 0ms (2) (avg:0)
/obj/machinery/door/airlock/glass => 0ms (2) (avg:0)
/obj/structure/closet/secure_closet/freezer => 0ms (2) (avg:0)
/obj/structure/closet/malf/suits => 0ms (2) (avg:0)
/obj/item/gun/ballistic/automatic/pistol => 0ms (2) (avg:0)
/obj/item/gps/internal/colossus => 0ms (2) (avg:0)
/obj/machinery/atmospherics/pipe/manifold => 0ms (2) (avg:0)
/obj/machinery/atmospherics/pipe/manifold4w/general => 0ms (2) (avg:0)
/obj/machinery/atmospherics/pipe/manifold4w => 0ms (2) (avg:0)
/obj/structure/falsewall => 0ms (2) (avg:0)
/obj/structure/alien/weeds/node => 0ms (2) (avg:0)
/turf/closed/mineral/bscrystal => 0ms (2) (avg:0)
/obj/machinery/computer/camera_advanced/shuttle_docker/whiteship => 0ms (2) (avg:0)
/obj/item/pda/heads/cmo => 0ms (2) (avg:0)
/obj/item/storage/box/stockparts/deluxe => 0ms (2) (avg:0)
/mob/dead/observer => 0ms (2) (avg:0)
/obj/structure/closet/crate/secure/gear => 0ms (1) (avg:0)
/obj/machinery/portable_atmospherics/canister/water_vapor => 0ms (1) (avg:0)
/obj/machinery/portable_atmospherics/canister/bz => 0ms (1) (avg:0)
/obj/structure/transit_tube/station/reverse/flipped => 0ms (1) (avg:0)
/obj/structure/transit_tube/curved/flipped => 0ms (1) (avg:0)
/obj/structure/transit_tube/curved => 0ms (1) (avg:0)
/obj/structure/transit_tube/station/reverse => 0ms (1) (avg:0)
/obj/structure/door_assembly/door_assembly_hatch => 0ms (1) (avg:0)
/obj/structure/door_assembly/door_assembly_mhatch => 0ms (1) (avg:0)
/obj/structure/closet/crate/critter => 0ms (1) (avg:0)
/mob/living/carbon/monkey/punpun => 0ms (1) (avg:0)
/obj/item/gps/internal/legion => 0ms (1) (avg:0)
/obj/item/gps/internal/hierophant => 0ms (1) (avg:0)
/obj/item/gps/internal/miner => 0ms (1) (avg:0)
/obj/item/gps/internal/swarmer_beacon => 0ms (1) (avg:0)
/obj/structure/closet/chefcloset => 0ms (1) (avg:0)
/obj/item/dice => 0ms (1) (avg:0)
/obj/structure/closet/cardboard/metal => 0ms (1) (avg:0)
/obj/machinery/computer/telecrystals/boss => 0ms (1) (avg:0)
/obj/machinery/shuttle_manipulator => 0ms (1) (avg:0)
/obj/structure/closet/secure_closet/ertCom => 0ms (1) (avg:0)
/obj/machinery/computer/shuttle/syndicate/recall => 0ms (1) (avg:0)
/obj/item/dice/d6/space => 0ms (1) (avg:0)
/obj/item/stock_parts/cell/pulse/carbine => 0ms (1) (avg:0)
/obj/item/gun/energy/pulse/carbine/loyalpin => 0ms (1) (avg:0)
/obj/item/gun/ballistic/automatic/ar => 0ms (1) (avg:0)
/obj/structure/closet/secure_closet/contraband/heads => 0ms (1) (avg:0)
/obj/structure/closet/lawcloset => 0ms (1) (avg:0)
/obj/item/gun/energy/e_gun/mini/practice_phaser => 0ms (1) (avg:0)
/obj/item/storage/box/seccarts => 0ms (1) (avg:0)
/obj/item/storage/box/deputy => 0ms (1) (avg:0)
/obj/structure/closet/bombcloset/security => 0ms (1) (avg:0)
/obj/item/storage/box/trackimp => 0ms (1) (avg:0)
/obj/item/gun/energy/temperature/security => 0ms (1) (avg:0)
/obj/structure/closet/secure_closet/lethalshots => 0ms (1) (avg:0)
/obj/structure/closet/l3closet/security => 0ms (1) (avg:0)
/obj/structure/closet/secure_closet/hos => 0ms (1) (avg:0)
/obj/item/gun/energy/e_gun/hos => 0ms (1) (avg:0)
/obj/structure/closet/secure_closet/contraband/armory => 0ms (1) (avg:0)
/obj/item/storage/toolbox/drone => 0ms (1) (avg:0)
/obj/item/storage/box/hug => 0ms (1) (avg:0)
/obj/structure/closet/secure_closet/injection => 0ms (1) (avg:0)
/obj/structure/closet/secure_closet/warden => 0ms (1) (avg:0)
/obj/item/storage/box/prisoner => 0ms (1) (avg:0)
/obj/item/storage/box/hug/medical => 0ms (1) (avg:0)
/obj/item/construction/rcd/internal => 0ms (1) (avg:0)
/obj/item/stock_parts/cell/potato => 0ms (1) (avg:0)
/obj/item/storage/box/cups => 0ms (1) (avg:0)
/obj/structure/closet/athletic_mixed => 0ms (1) (avg:0)
/obj/structure/closet/boxinggloves => 0ms (1) (avg:0)
/obj/structure/closet/masks => 0ms (1) (avg:0)
/obj/structure/closet/lasertag/blue => 0ms (1) (avg:0)
/obj/structure/closet/lasertag/red => 0ms (1) (avg:0)
/obj/item/dice/d1 => 0ms (1) (avg:0)
/obj/item/construction/rcd => 0ms (1) (avg:0)
/obj/item/folder/documents => 0ms (1) (avg:0)
/obj/structure/closet/secure_closet/bar => 0ms (1) (avg:0)
/obj/item/reagent_containers/glass/bottle/nutrient/ez => 0ms (1) (avg:0)
/obj/item/reagent_containers/glass/bottle/nutrient/rh => 0ms (1) (avg:0)
/obj/structure/closet/secure_closet/exile => 0ms (1) (avg:0)
/obj/item/lighter/greyscale => 0ms (1) (avg:0)
/obj/item/storage/box/PDAs => 0ms (1) (avg:0)
/obj/structure/closet/secure_closet/detective => 0ms (1) (avg:0)
/obj/item/gun/energy/laser/captain => 0ms (1) (avg:0)
/obj/machinery/gravity_generator/part => 0ms (1) (avg:0)
/obj/structure/closet/secure_closet/security/med => 0ms (1) (avg:0)
/obj/item/reagent_containers/glass/beaker/sulphuric => 0ms (1) (avg:0)
/obj/structure/closet/secure_closet/captains => 0ms (1) (avg:0)
/obj/item/storage/belt/sabre => 0ms (1) (avg:0)
/obj/structure/closet/wardrobe/chemistry_white => 0ms (1) (avg:0)
/obj/item/storage/box/disks => 0ms (1) (avg:0)
/obj/structure/closet/secure_closet/hop => 0ms (1) (avg:0)
/obj/structure/closet/secure_closet/security/science => 0ms (1) (avg:0)
/obj/structure/closet/secure_closet/security/cargo => 0ms (1) (avg:0)
/obj/structure/closet/secure_closet/RD => 0ms (1) (avg:0)
/obj/structure/closet/l3closet/janitor => 0ms (1) (avg:0)
/obj/structure/closet/wardrobe/miner => 0ms (1) (avg:0)
/obj/item/reagent_containers/blood/APlus => 0ms (1) (avg:0)
/obj/structure/closet/secure_closet/CMO => 0ms (1) (avg:0)
/obj/item/defibrillator/compact/loaded => 0ms (1) (avg:0)
/obj/item/organ/cyberimp/eyes/hud/medical => 0ms (1) (avg:0)
/obj/item/reagent_containers/glass/bottle/vial/large/preloaded/CMO => 0ms (1) (avg:0)
/obj/item/reagent_containers/glass/bottle/vial/large/preloaded/tricord => 0ms (1) (avg:0)
/obj/item/reagent_containers/glass/bottle/vial/large/preloaded/charcoal => 0ms (1) (avg:0)
/obj/item/reagent_containers/glass/bottle/vial/large/preloaded/salglu => 0ms (1) (avg:0)
/obj/item/reagent_containers/glass/bottle/vial/large/preloaded/dexalin => 0ms (1) (avg:0)
/obj/item/reagent_containers/glass/bottle/vial/large/preloaded/synthflesh => 0ms (1) (avg:0)
/obj/item/stack/ore/silver => 0ms (1) (avg:0)
/obj/item/reagent_containers/glass/bottle/cold => 0ms (1) (avg:0)
/obj/item/reagent_containers/glass/bottle/flu_virion => 0ms (1) (avg:0)
/obj/item/reagent_containers/glass/bottle/plasma => 0ms (1) (avg:0)
/obj/item/reagent_containers/glass/bottle/synaptizine => 0ms (1) (avg:0)
/obj/item/reagent_containers/glass/bottle/formaldehyde => 0ms (1) (avg:0)
/obj/structure/closet/secure_closet/security/engine => 0ms (1) (avg:0)
/obj/structure/closet/l3closet/virology => 0ms (1) (avg:0)
/turf/open/floor/plasteel/dark/telecomms => 0ms (1) (avg:0)
/obj/structure/closet/secure_closet/freezer/kitchen/maintenance => 0ms (1) (avg:0)
/obj/item/storage/toolbox/artistic => 0ms (1) (avg:0)
/obj/item/clothing/under/maid => 0ms (1) (avg:0)
/obj/structure/closet/secure_closet/engineering_chief => 0ms (1) (avg:0)
/obj/structure/closet/secure_closet/engineering_electrical => 0ms (1) (avg:0)
/obj/structure/closet/secure_closet/engineering_welding => 0ms (1) (avg:0)
/obj/machinery/airalarm/engine => 0ms (1) (avg:0)
/obj/structure/closet/wardrobe/engineering_yellow => 0ms (1) (avg:0)
/obj/structure/reflector/double/anchored => 0ms (1) (avg:0)
/obj/structure/necropolis_gate/locked => 0ms (1) (avg:0)
/obj/structure/necropolis_gate/legion_gate => 0ms (1) (avg:0)
/obj/structure/necropolis_arch => 0ms (1) (avg:0)
/obj/item/construction/rcd/loaded => 0ms (1) (avg:0)
/obj/structure/necropolis_gate => 0ms (1) (avg:0)
/obj/machinery/door/airlock/diamond => 0ms (1) (avg:0)
/obj/item/folder/syndicate/mining => 0ms (1) (avg:0)
/obj/item/pda/clown => 0ms (1) (avg:0)
/obj/item/storage/box/hug/survival => 0ms (1) (avg:0)
/obj/item/storage/box/lights => 0ms (1) (avg:0)
/obj/item/storage/belt/utility/full => 0ms (1) (avg:0)
/obj/item/reagent_containers/syringe/lethal/choral => 0ms (1) (avg:0)
/obj/item/gun/energy/floragun => 0ms (1) (avg:0)
/obj/structure/closet/wardrobe/science_white => 0ms (1) (avg:0)
/obj/item/reagent_containers/glass/bottle/random_virus => 0ms (1) (avg:0)
/obj/item/gun/energy/temperature => 0ms (1) (avg:0)
/obj/machinery/computer/rdconsole => 0ms (1) (avg:0)
/obj/item/pda/clear => 0ms (1) (avg:0)
/obj/machinery/computer => 0ms (1) (avg:0)
/area/space => 0ms (1) (avg:0)
/area/awaymission/errorroom => 0ms (1) (avg:0)
/area/abductor_ship => 0ms (1) (avg:0)
/area/fabric_of_reality => 0ms (1) (avg:0)
/area/ai_multicam_room => 0ms (1) (avg:0)
/area/tdome/arena => 0ms (1) (avg:0)
/area/centcom/supplypod => 0ms (1) (avg:0)
/area/centcom/supplypod/podStorage => 0ms (1) (avg:0)
/area/centcom/supplypod/loading/three => 0ms (1) (avg:0)
/area/centcom/supplypod/loading/four => 0ms (1) (avg:0)
/area/centcom/supplypod/loading/one => 0ms (1) (avg:0)
/area/centcom/supplypod/loading/two => 0ms (1) (avg:0)
/area/syndicate_mothership => 0ms (1) (avg:0)
/area/ctf => 0ms (1) (avg:0)
/area/start => 0ms (1) (avg:0)
/area/tdome/arena_source => 0ms (1) (avg:0)
/area/holodeck/rec_center/refuel => 0ms (1) (avg:0)
/area/holodeck/rec_center/spacechess => 0ms (1) (avg:0)
/area/holodeck/rec_center/thunderdome1218 => 0ms (1) (avg:0)
/area/holodeck/rec_center/kobayashi => 0ms (1) (avg:0)
/area/holodeck/rec_center/chapelcourt => 0ms (1) (avg:0)
/area/holodeck/rec_center/school => 0ms (1) (avg:0)
/area/holodeck/rec_center/firingrange => 0ms (1) (avg:0)
/area/holodeck/rec_center/anthophila => 0ms (1) (avg:0)
/area/holodeck/rec_center/pet_lounge => 0ms (1) (avg:0)
/area/holodeck/rec_center/medical => 0ms (1) (avg:0)
/area/holodeck/rec_center/basketball => 0ms (1) (avg:0)
/area/holodeck/rec_center/beach => 0ms (1) (avg:0)
/area/holodeck/rec_center/thunderdome => 0ms (1) (avg:0)
/area/holodeck/rec_center/dodgeball => 0ms (1) (avg:0)
/area/holodeck/rec_center/winterwonderland => 0ms (1) (avg:0)
/area/holodeck/rec_center/bunker => 0ms (1) (avg:0)
/area/holodeck/rec_center/lounge => 0ms (1) (avg:0)
/area/holodeck/rec_center/wildlife => 0ms (1) (avg:0)
/area/holodeck/rec_center/offline => 0ms (1) (avg:0)
/area/holodeck/rec_center/burn => 0ms (1) (avg:0)
/area/holodeck/rec_center/court => 0ms (1) (avg:0)
/area/space/nearstation => 0ms (1) (avg:0)
/area/solar/port/fore => 0ms (1) (avg:0)
/area/solar/starboard/fore => 0ms (1) (avg:0)
/area/holodeck/rec_center => 0ms (1) (avg:0)
/area/solar/port/aft => 0ms (1) (avg:0)
/area/solar/starboard/aft => 0ms (1) (avg:0)
/obj/item/gps/internal/bubblegum => 0ms (1) (avg:0)
/obj/item/paper/monitorkey => 0ms (1) (avg:0)
/obj/machinery/atmospherics/pipe/manifold/supplymain/hidden => 0ms (1) (avg:0)
/obj/machinery/atmospherics/components/trinary/mixer => 0ms (1) (avg:0)
/obj/machinery/atmospherics/components/trinary/mixer/flipped => 0ms (1) (avg:0)
/obj/machinery/atmospherics/components/trinary/filter/atmos/n2o => 0ms (1) (avg:0)
/obj/machinery/atmospherics/components/trinary/filter/atmos/plasma => 0ms (1) (avg:0)
/obj/machinery/atmospherics/components/trinary/mixer/airmix => 0ms (1) (avg:0)
/obj/machinery/atmospherics/components/trinary/filter/atmos/co2 => 0ms (1) (avg:0)
/obj/machinery/atmospherics/pipe/manifold/cyan/hidden => 0ms (1) (avg:0)
/obj/machinery/atmospherics/components/trinary/filter/atmos/n2 => 0ms (1) (avg:0)
/obj/machinery/atmospherics/components/trinary/filter/atmos/o2 => 0ms (1) (avg:0)
/obj/machinery/atmospherics/pipe/manifold/general/hidden => 0ms (1) (avg:0)
/obj/machinery/atmospherics/pipe/manifold/orange/visible => 0ms (1) (avg:0)
/obj/machinery/atmospherics/components/unary/outlet_injector/atmos/engine_waste => 0ms (1) (avg:0)
/obj/machinery/computer/shuttle/syndicate/drop_pod => 0ms (1) (avg:0)
/obj/structure/closet/syndicate/nuclear => 0ms (1) (avg:0)
/obj/item/pda/syndicate => 0ms (1) (avg:0)
/obj/machinery/computer/med_data/syndie => 0ms (1) (avg:0)
/obj/machinery/computer/crew/syndie => 0ms (1) (avg:0)
/obj/machinery/computer/camera_advanced/shuttle_docker/syndicate => 0ms (1) (avg:0)
/obj/machinery/computer/shuttle/syndicate => 0ms (1) (avg:0)
/obj/machinery/computer/camera_advanced/syndie => 0ms (1) (avg:0)
/obj/machinery/computer/secure_data/syndie => 0ms (1) (avg:0)
/obj/machinery/computer/shuttle/ferry/request => 0ms (1) (avg:0)
/obj/structure/closet/secure_closet/miner/unlocked => 0ms (1) (avg:0)
/obj/item/storage/box/lights/bulbs => 0ms (1) (avg:0)
/obj/item/pda/medical => 0ms (1) (avg:0)
/obj/structure/closet/wardrobe/white/medical => 0ms (1) (avg:0)
/obj/machinery/atmospherics/pipe/manifold4w/general/visible => 0ms (1) (avg:0)
/turf/open/floor/plasteel/white/side => 0ms (1) (avg:0)
/obj/item/storage/box/survival => 0ms (1) (avg:0)
/obj/screen/inventory/hand => 0ms (1) (avg:0)
/obj/screen/zone_sel => 0ms (1) (avg:0)
/area/shuttle/transit => 0ms (1) (avg:0)
